<?xml version="1.0" encoding="UTF-8"?>
<robot generator="Robot 3.0.4 (Python 3.6.3 on win32)" generated="20180802 09:31:06.504">
<suite id="s1" name="Login" source="C:\Users\HP\Desktop\guest\NNUIFramework\RobotFramework\Page\Login.robot">
<test id="s1-t1" name="Test Login">
<kw name="登录" library="Login_keywords">
<kw name="Open Browser" library="Selenium2Library">
<doc>Opens a new browser instance to the given ``url``.</doc>
<arguments>
<arg>${url}</arg>
<arg>chrome</arg>
</arguments>
<msg timestamp="20180802 09:31:07.085" level="INFO">Opening browser 'chrome' to base url 'http://115.29.234.80:8110/'.</msg>
<status status="PASS" starttime="20180802 09:31:07.085" endtime="20180802 09:31:34.616"></status>
</kw>
<kw name="Maximize Browser Window" library="Selenium2Library">
<doc>Maximizes current browser window.</doc>
<status status="PASS" starttime="20180802 09:31:34.616" endtime="20180802 09:31:35.733"></status>
</kw>
<kw name="Input Text" library="Selenium2Library">
<doc>Types the given ``text`` into text field identified by ``locator``.</doc>
<arguments>
<arg>${login_user}</arg>
<arg>${username}</arg>
</arguments>
<msg timestamp="20180802 09:31:35.734" level="INFO">Typing text 'admin' into text field 'xpath=//*[@id="txtUserName"]'.</msg>
<kw name="Capture Page Screenshot" library="Selenium2Library">
<doc>Takes screenshot of the current page and embeds it into log file.</doc>
<msg timestamp="20180802 09:31:36.200" level="INFO" html="yes">&lt;/td&gt;&lt;/tr&gt;&lt;tr&gt;&lt;td colspan="3"&gt;&lt;a href="selenium-screenshot-16.png"&gt;&lt;img src="selenium-screenshot-16.png" width="800px"&gt;&lt;/a&gt;</msg>
<status status="PASS" starttime="20180802 09:31:35.814" endtime="20180802 09:31:36.200"></status>
</kw>
<msg timestamp="20180802 09:31:36.327" level="FAIL">Element with locator 'xpath=//*[@id="txtUserName"]' not found.</msg>
<status status="FAIL" starttime="20180802 09:31:35.733" endtime="20180802 09:31:36.328"></status>
</kw>
<status status="FAIL" starttime="20180802 09:31:07.084" endtime="20180802 09:31:36.328"></status>
</kw>
<status status="FAIL" starttime="20180802 09:31:07.083" endtime="20180802 09:31:36.328" critical="yes">Element with locator 'xpath=//*[@id="txtUserName"]' not found.</status>
</test>
<kw name="Close Browser" library="Selenium2Library" type="teardown">
<doc>Closes the current browser.</doc>
<status status="PASS" starttime="20180802 09:31:36.330" endtime="20180802 09:31:39.388"></status>
</kw>
<doc>登录模板制作</doc>
<status status="FAIL" starttime="20180802 09:31:06.508" endtime="20180802 09:31:39.388"></status>
</suite>
<statistics>
<total>
<stat pass="0" fail="1">Critical Tests</stat>
<stat pass="0" fail="1">All Tests</stat>
</total>
<tag>
</tag>
<suite>
<stat pass="0" fail="1" id="s1" name="Login">Login</stat>
</suite>
</statistics>
<errors>
</errors>
</robot>
