<?xml version="1.0" encoding="UTF-8"?>
<robot generator="Robot 3.0.4 (Python 3.6.3 on win32)" generated="20180820 16:22:41.796">
<suite id="s1" name="Bumenguanli" source="C:\Users\HP\Desktop\guest\NNUIFramework\RobotFramework\Page\bumenguanli.robot">
<test id="s1-t1" name="testcase1 部门管理">
<kw name="登录" library="Login_keywords" type="setup">
<kw name="Open Browser" library="Selenium2Library">
<doc>Opens a new browser instance to the given ``url``.</doc>
<arguments>
<arg>${url}</arg>
<arg>chrome</arg>
</arguments>
<msg timestamp="20180820 16:22:42.020" level="INFO">Opening browser 'chrome' to base url 'http://115.29.234.80:8110/'.</msg>
<status status="PASS" starttime="20180820 16:22:42.020" endtime="20180820 16:22:51.039"></status>
</kw>
<kw name="Maximize Browser Window" library="Selenium2Library">
<doc>Maximizes current browser window.</doc>
<status status="PASS" starttime="20180820 16:22:51.039" endtime="20180820 16:22:52.160"></status>
</kw>
<kw name="Input Text" library="Selenium2Library">
<doc>Types the given ``text`` into text field identified by ``locator``.</doc>
<arguments>
<arg>${login_user}</arg>
<arg>${username}</arg>
</arguments>
<msg timestamp="20180820 16:22:52.161" level="INFO">Typing text 'admin' into text field 'xpath=//*[@id="txtUserName"]'.</msg>
<status status="PASS" starttime="20180820 16:22:52.160" endtime="20180820 16:22:52.286"></status>
</kw>
<kw name="Input Password" library="Selenium2Library">
<doc>Types the given password into text field identified by ``locator``.</doc>
<arguments>
<arg>${login_pwd}</arg>
<arg>${password}</arg>
</arguments>
<msg timestamp="20180820 16:22:52.287" level="INFO">Typing password into text field 'xpath=//*[@id="txtPassword"]'.</msg>
<status status="PASS" starttime="20180820 16:22:52.286" endtime="20180820 16:22:52.411"></status>
</kw>
<kw name="Click Button" library="Selenium2Library">
<doc>Clicks button identified by ``locator``.</doc>
<arguments>
<arg>${login_submit}</arg>
</arguments>
<msg timestamp="20180820 16:22:52.412" level="INFO">Clicking button 'xpath=//*[@id="btnLogin"]'.</msg>
<status status="PASS" starttime="20180820 16:22:52.411" endtime="20180820 16:22:59.802"></status>
</kw>
<status status="PASS" starttime="20180820 16:22:42.019" endtime="20180820 16:22:59.803"></status>
</kw>
<kw name="展开所有菜单" library="jibenxinxi_keywords">
<doc>点击展开所有按钮功能</doc>
<kw name="Wait Until Element Is Visible" library="Selenium2Library">
<doc>Waits until element ``locator`` is visible.</doc>
<arguments>
<arg>${zhankai}</arg>
<arg>30</arg>
<arg>展开按钮没有显示</arg>
</arguments>
<status status="PASS" starttime="20180820 16:22:59.804" endtime="20180820 16:22:59.855"></status>
</kw>
<kw name="Wait Until Element Is Enabled" library="Selenium2Library">
<doc>Waits until element ``locator`` is enabled.</doc>
<arguments>
<arg>${zhankai}</arg>
</arguments>
<status status="PASS" starttime="20180820 16:22:59.855" endtime="20180820 16:22:59.893"></status>
</kw>
<kw name="Mouse Over" library="Selenium2Library">
<doc>Simulates hovering mouse over the element ``locator``.</doc>
<arguments>
<arg>${zhankai}</arg>
</arguments>
<msg timestamp="20180820 16:22:59.894" level="INFO">Simulating Mouse Over on element 'xpath=//*[@class="l-btn-text icon-expand"]'.</msg>
<status status="PASS" starttime="20180820 16:22:59.893" endtime="20180820 16:22:59.930"></status>
</kw>
<kw name="Get WebElements" library="Selenium2Library">
<doc>Returns list of WebElement objects matching the ``locator``.</doc>
<arguments>
<arg>${menu}</arg>
</arguments>
<assign>
<var>${count_open}</var>
</assign>
<msg timestamp="20180820 16:22:59.952" level="INFO">${count_open} = [&lt;selenium.webdriver.remote.webelement.WebElement (session="5149a60f72d4c5d09abf3ba9dba73d88", element="0.3269478233517673-2")&gt;, &lt;selenium.webdriver.remote.webelement.WebElement (session="5149a60f72d4...</msg>
<status status="PASS" starttime="20180820 16:22:59.930" endtime="20180820 16:22:59.952"></status>
</kw>
<kw name="Wait Until Element Is Visible" library="Selenium2Library">
<doc>Waits until element ``locator`` is visible.</doc>
<arguments>
<arg>${count_open[0]}</arg>
<arg>30</arg>
<arg>菜单没有及时展开</arg>
</arguments>
<status status="PASS" starttime="20180820 16:22:59.952" endtime="20180820 16:23:00.185"></status>
</kw>
<kw name="Click Element" library="Selenium2Library">
<doc>Click element identified by ``locator``.</doc>
<arguments>
<arg>${count_open[0]}</arg>
</arguments>
<msg timestamp="20180820 16:23:00.186" level="INFO">Clicking element '&lt;selenium.webdriver.remote.webelement.WebElement (session="5149a60f72d4c5d09abf3ba9dba73d88", element="0.3269478233517673-2")&gt;'.</msg>
<status status="PASS" starttime="20180820 16:23:00.185" endtime="20180820 16:23:00.271"></status>
</kw>
<status status="PASS" starttime="20180820 16:22:59.803" endtime="20180820 16:23:00.271"></status>
</kw>
<kw name="进入部门管理" library="jibenxinxi_keywords">
<doc>点击部门管理菜单，并且验证打开后的页面元素</doc>
<kw name="Sleep" library="BuiltIn">
<doc>Pauses the test executed for the given time.</doc>
<arguments>
<arg>5</arg>
</arguments>
<msg timestamp="20180820 16:23:05.272" level="INFO">Slept 5 seconds</msg>
<status status="PASS" starttime="20180820 16:23:00.272" endtime="20180820 16:23:05.272"></status>
</kw>
<kw name="element is visible and click" library="jibenxinxi_keywords">
<doc>自建Keyword，功能：页面元素显示，并且点击</doc>
<arguments>
<arg>${部门管理}</arg>
<arg>30</arg>
<arg>部门管理菜单没能及时刷新</arg>
</arguments>
<kw name="Log" library="BuiltIn">
<doc>Logs the given message with the given level.</doc>
<arguments>
<arg>1</arg>
</arguments>
<msg timestamp="20180820 16:23:05.274" level="INFO">1</msg>
<status status="PASS" starttime="20180820 16:23:05.273" endtime="20180820 16:23:05.274"></status>
</kw>
<kw name="Wait Until Element Is Enabled" library="Selenium2Library">
<doc>Waits until element ``locator`` is enabled.</doc>
<arguments>
<arg>xpath=${xpath}</arg>
<arg>${time_out}</arg>
<arg>${error_msg}</arg>
</arguments>
<status status="PASS" starttime="20180820 16:23:05.274" endtime="20180820 16:23:05.324"></status>
</kw>
<kw name="Log" library="BuiltIn">
<doc>Logs the given message with the given level.</doc>
<arguments>
<arg>2</arg>
</arguments>
<msg timestamp="20180820 16:23:05.324" level="INFO">2</msg>
<status status="PASS" starttime="20180820 16:23:05.324" endtime="20180820 16:23:05.325"></status>
</kw>
<kw name="Wait Until Element Is Visible" library="Selenium2Library">
<doc>Waits until element ``locator`` is visible.</doc>
<arguments>
<arg>xpath=${xpath}</arg>
<arg>${time_out}</arg>
<arg>${error_msg}</arg>
</arguments>
<status status="PASS" starttime="20180820 16:23:05.325" endtime="20180820 16:23:05.359"></status>
</kw>
<kw name="Click Element" library="Selenium2Library">
<doc>Click element identified by ``locator``.</doc>
<arguments>
<arg>xpath=${xpath}</arg>
</arguments>
<msg timestamp="20180820 16:23:05.360" level="INFO">Clicking element 'xpath=//*[text()='部门管理']'.</msg>
<status status="PASS" starttime="20180820 16:23:05.359" endtime="20180820 16:23:05.454"></status>
</kw>
<status status="PASS" starttime="20180820 16:23:05.272" endtime="20180820 16:23:05.454"></status>
</kw>
<kw name="Wait Until Element Is Visible" library="Selenium2Library">
<doc>Waits until element ``locator`` is visible.</doc>
<arguments>
<arg>${page_frame}</arg>
<arg>30</arg>
<arg>部门管理页面的frame还没进入吧</arg>
</arguments>
<status status="PASS" starttime="20180820 16:23:05.454" endtime="20180820 16:23:05.500"></status>
</kw>
<kw name="Select Frame" library="Selenium2Library">
<doc>Sets frame identified by ``locator`` as the current frame.</doc>
<arguments>
<arg>${page_frame}</arg>
</arguments>
<msg timestamp="20180820 16:23:05.500" level="INFO">Selecting frame 'xpath=//*[@scrolling="auto"]'.</msg>
<status status="PASS" starttime="20180820 16:23:05.500" endtime="20180820 16:23:05.550"></status>
</kw>
<kw name="Sleep" library="BuiltIn">
<doc>Pauses the test executed for the given time.</doc>
<arguments>
<arg>5</arg>
</arguments>
<msg timestamp="20180820 16:23:10.551" level="INFO">Slept 5 seconds</msg>
<status status="PASS" starttime="20180820 16:23:05.551" endtime="20180820 16:23:10.551"></status>
</kw>
<status status="PASS" starttime="20180820 16:23:00.271" endtime="20180820 16:23:10.551"></status>
</kw>
<kw name="验证部门管理页面元素" library="jibenxinxi_keywords">
<kw name="Wait Until Element Is Visible" library="Selenium2Library">
<doc>Waits until element ``locator`` is visible.</doc>
<arguments>
<arg>${新增部门}</arg>
<arg>30</arg>
<arg>部门管理页面的新增部门按钮没有定位到</arg>
</arguments>
<status status="PASS" starttime="20180820 16:23:10.552" endtime="20180820 16:23:11.081"></status>
</kw>
<kw name="Wait Until Element Is Enabled" library="Selenium2Library">
<doc>Waits until element ``locator`` is enabled.</doc>
<arguments>
<arg>${新增部门}</arg>
<arg>30</arg>
<arg>部门管理页面的新增部门按钮无法点击</arg>
</arguments>
<status status="PASS" starttime="20180820 16:23:11.082" endtime="20180820 16:23:11.114"></status>
</kw>
<kw name="Xpath Should Match X Times" library="Selenium2Library">
<doc>Deprecated, use `Page Should Contain Element` with ``limit`` argument instead.</doc>
<arguments>
<arg>${新增部门}</arg>
<arg>1</arg>
</arguments>
<msg timestamp="20180820 16:23:11.127" level="INFO">Current page contains 1 elements matching 'xpath://*[text()="新增部门"]'.</msg>
<status status="PASS" starttime="20180820 16:23:11.114" endtime="20180820 16:23:11.127"></status>
</kw>
<status status="PASS" starttime="20180820 16:23:10.552" endtime="20180820 16:23:11.128"></status>
</kw>
<kw name="Close Browser" library="Selenium2Library" type="teardown">
<doc>Closes the current browser.</doc>
<status status="PASS" starttime="20180820 16:23:11.128" endtime="20180820 16:23:14.181"></status>
</kw>
<doc>验证部门管理页面是有内容的</doc>
<status status="PASS" starttime="20180820 16:22:42.016" endtime="20180820 16:23:14.181" critical="yes"></status>
</test>
<test id="s1-t2" name="testcase2 人员信息维护">
<kw name="登录" library="Login_keywords" type="setup">
<kw name="Open Browser" library="Selenium2Library">
<doc>Opens a new browser instance to the given ``url``.</doc>
<arguments>
<arg>${url}</arg>
<arg>chrome</arg>
</arguments>
<msg timestamp="20180820 16:23:14.189" level="INFO">Opening browser 'chrome' to base url 'http://115.29.234.80:8110/'.</msg>
<status status="PASS" starttime="20180820 16:23:14.188" endtime="20180820 16:23:23.922"></status>
</kw>
<kw name="Maximize Browser Window" library="Selenium2Library">
<doc>Maximizes current browser window.</doc>
<status status="PASS" starttime="20180820 16:23:23.922" endtime="20180820 16:23:25.044"></status>
</kw>
<kw name="Input Text" library="Selenium2Library">
<doc>Types the given ``text`` into text field identified by ``locator``.</doc>
<arguments>
<arg>${login_user}</arg>
<arg>${username}</arg>
</arguments>
<msg timestamp="20180820 16:23:25.045" level="INFO">Typing text 'admin' into text field 'xpath=//*[@id="txtUserName"]'.</msg>
<status status="PASS" starttime="20180820 16:23:25.044" endtime="20180820 16:23:25.179"></status>
</kw>
<kw name="Input Password" library="Selenium2Library">
<doc>Types the given password into text field identified by ``locator``.</doc>
<arguments>
<arg>${login_pwd}</arg>
<arg>${password}</arg>
</arguments>
<msg timestamp="20180820 16:23:25.179" level="INFO">Typing password into text field 'xpath=//*[@id="txtPassword"]'.</msg>
<status status="PASS" starttime="20180820 16:23:25.179" endtime="20180820 16:23:25.295"></status>
</kw>
<kw name="Click Button" library="Selenium2Library">
<doc>Clicks button identified by ``locator``.</doc>
<arguments>
<arg>${login_submit}</arg>
</arguments>
<msg timestamp="20180820 16:23:25.296" level="INFO">Clicking button 'xpath=//*[@id="btnLogin"]'.</msg>
<status status="PASS" starttime="20180820 16:23:25.296" endtime="20180820 16:23:34.080"></status>
</kw>
<status status="PASS" starttime="20180820 16:23:14.187" endtime="20180820 16:23:34.081"></status>
</kw>
<kw name="展开所有菜单" library="jibenxinxi_keywords">
<doc>点击展开所有按钮功能</doc>
<kw name="Wait Until Element Is Visible" library="Selenium2Library">
<doc>Waits until element ``locator`` is visible.</doc>
<arguments>
<arg>${zhankai}</arg>
<arg>30</arg>
<arg>展开按钮没有显示</arg>
</arguments>
<status status="PASS" starttime="20180820 16:23:34.082" endtime="20180820 16:23:34.128"></status>
</kw>
<kw name="Wait Until Element Is Enabled" library="Selenium2Library">
<doc>Waits until element ``locator`` is enabled.</doc>
<arguments>
<arg>${zhankai}</arg>
</arguments>
<status status="PASS" starttime="20180820 16:23:34.128" endtime="20180820 16:23:34.165"></status>
</kw>
<kw name="Mouse Over" library="Selenium2Library">
<doc>Simulates hovering mouse over the element ``locator``.</doc>
<arguments>
<arg>${zhankai}</arg>
</arguments>
<msg timestamp="20180820 16:23:34.166" level="INFO">Simulating Mouse Over on element 'xpath=//*[@class="l-btn-text icon-expand"]'.</msg>
<status status="PASS" starttime="20180820 16:23:34.165" endtime="20180820 16:23:34.220"></status>
</kw>
<kw name="Get WebElements" library="Selenium2Library">
<doc>Returns list of WebElement objects matching the ``locator``.</doc>
<arguments>
<arg>${menu}</arg>
</arguments>
<assign>
<var>${count_open}</var>
</assign>
<msg timestamp="20180820 16:23:34.243" level="INFO">${count_open} = [&lt;selenium.webdriver.remote.webelement.WebElement (session="e857981e2fb9289000d3254f33833f3f", element="0.941207449780433-2")&gt;, &lt;selenium.webdriver.remote.webelement.WebElement (session="e857981e2fb92...</msg>
<status status="PASS" starttime="20180820 16:23:34.220" endtime="20180820 16:23:34.243"></status>
</kw>
<kw name="Wait Until Element Is Visible" library="Selenium2Library">
<doc>Waits until element ``locator`` is visible.</doc>
<arguments>
<arg>${count_open[0]}</arg>
<arg>30</arg>
<arg>菜单没有及时展开</arg>
</arguments>
<status status="PASS" starttime="20180820 16:23:34.243" endtime="20180820 16:23:34.477"></status>
</kw>
<kw name="Click Element" library="Selenium2Library">
<doc>Click element identified by ``locator``.</doc>
<arguments>
<arg>${count_open[0]}</arg>
</arguments>
<msg timestamp="20180820 16:23:34.478" level="INFO">Clicking element '&lt;selenium.webdriver.remote.webelement.WebElement (session="e857981e2fb9289000d3254f33833f3f", element="0.941207449780433-2")&gt;'.</msg>
<status status="PASS" starttime="20180820 16:23:34.477" endtime="20180820 16:23:34.568"></status>
</kw>
<status status="PASS" starttime="20180820 16:23:34.081" endtime="20180820 16:23:34.569"></status>
</kw>
<kw name="进入人员信息维护" library="jibenxinxi_keywords">
<doc>点击人员信息维护菜单，并且验证打开后的页面元素</doc>
<kw name="Sleep" library="BuiltIn">
<doc>Pauses the test executed for the given time.</doc>
<arguments>
<arg>10</arg>
</arguments>
<msg timestamp="20180820 16:23:44.570" level="INFO">Slept 10 seconds</msg>
<status status="PASS" starttime="20180820 16:23:34.569" endtime="20180820 16:23:44.570"></status>
</kw>
<kw name="element is visible and click" library="jibenxinxi_keywords">
<doc>自建Keyword，功能：页面元素显示，并且点击</doc>
<arguments>
<arg>${人员信息维护}</arg>
</arguments>
<kw name="Log" library="BuiltIn">
<doc>Logs the given message with the given level.</doc>
<arguments>
<arg>1</arg>
</arguments>
<msg timestamp="20180820 16:23:44.572" level="INFO">1</msg>
<status status="PASS" starttime="20180820 16:23:44.571" endtime="20180820 16:23:44.572"></status>
</kw>
<kw name="Wait Until Element Is Enabled" library="Selenium2Library">
<doc>Waits until element ``locator`` is enabled.</doc>
<arguments>
<arg>xpath=${xpath}</arg>
<arg>${time_out}</arg>
<arg>${error_msg}</arg>
</arguments>
<status status="PASS" starttime="20180820 16:23:44.572" endtime="20180820 16:23:44.629"></status>
</kw>
<kw name="Log" library="BuiltIn">
<doc>Logs the given message with the given level.</doc>
<arguments>
<arg>2</arg>
</arguments>
<msg timestamp="20180820 16:23:44.630" level="INFO">2</msg>
<status status="PASS" starttime="20180820 16:23:44.629" endtime="20180820 16:23:44.630"></status>
</kw>
<kw name="Wait Until Element Is Visible" library="Selenium2Library">
<doc>Waits until element ``locator`` is visible.</doc>
<arguments>
<arg>xpath=${xpath}</arg>
<arg>${time_out}</arg>
<arg>${error_msg}</arg>
</arguments>
<status status="PASS" starttime="20180820 16:23:44.630" endtime="20180820 16:23:44.671"></status>
</kw>
<kw name="Click Element" library="Selenium2Library">
<doc>Click element identified by ``locator``.</doc>
<arguments>
<arg>xpath=${xpath}</arg>
</arguments>
<msg timestamp="20180820 16:23:44.672" level="INFO">Clicking element 'xpath=//*[text()='人员信息维护']'.</msg>
<status status="PASS" starttime="20180820 16:23:44.672" endtime="20180820 16:23:44.773"></status>
</kw>
<status status="PASS" starttime="20180820 16:23:44.570" endtime="20180820 16:23:44.774"></status>
</kw>
<kw name="Wait Until Element Is Visible" library="Selenium2Library">
<doc>Waits until element ``locator`` is visible.</doc>
<arguments>
<arg>${page_frame}</arg>
<arg>60</arg>
<arg>人员信息维护页面的frame还没进入吧</arg>
</arguments>
<status status="PASS" starttime="20180820 16:23:44.774" endtime="20180820 16:23:44.816"></status>
</kw>
<kw name="Select Frame" library="Selenium2Library">
<doc>Sets frame identified by ``locator`` as the current frame.</doc>
<arguments>
<arg>${page_frame}</arg>
</arguments>
<msg timestamp="20180820 16:23:44.817" level="INFO">Selecting frame 'xpath=//*[@scrolling="auto"]'.</msg>
<status status="PASS" starttime="20180820 16:23:44.817" endtime="20180820 16:23:44.864"></status>
</kw>
<kw name="Sleep" library="BuiltIn">
<doc>Pauses the test executed for the given time.</doc>
<arguments>
<arg>5</arg>
</arguments>
<msg timestamp="20180820 16:23:49.865" level="INFO">Slept 5 seconds</msg>
<status status="PASS" starttime="20180820 16:23:44.864" endtime="20180820 16:23:49.865"></status>
</kw>
<status status="PASS" starttime="20180820 16:23:34.569" endtime="20180820 16:23:49.865"></status>
</kw>
<kw name="验证人员信息维护页面元素" library="jibenxinxi_keywords">
<kw name="Wait Until Element Is Visible" library="Selenium2Library">
<doc>Waits until element ``locator`` is visible.</doc>
<arguments>
<arg>${新增本部门人员}</arg>
<arg>30</arg>
<arg>人员信息维护页面验证字段没有显示</arg>
</arguments>
<status status="PASS" starttime="20180820 16:23:49.866" endtime="20180820 16:23:55.949"></status>
</kw>
<kw name="Xpath Should Match X Times" library="Selenium2Library">
<doc>Deprecated, use `Page Should Contain Element` with ``limit`` argument instead.</doc>
<arguments>
<arg>${新增本部门人员}</arg>
<arg>1</arg>
</arguments>
<msg timestamp="20180820 16:23:57.235" level="INFO">Current page contains 1 elements matching 'xpath://*[text()="新增本部门人员"]'.</msg>
<status status="PASS" starttime="20180820 16:23:55.949" endtime="20180820 16:23:57.236"></status>
</kw>
<status status="PASS" starttime="20180820 16:23:49.866" endtime="20180820 16:23:57.236"></status>
</kw>
<kw name="Close Browser" library="Selenium2Library" type="teardown">
<doc>Closes the current browser.</doc>
<status status="PASS" starttime="20180820 16:23:57.237" endtime="20180820 16:24:00.309"></status>
</kw>
<doc>验证人员信息维护页面是有内容的</doc>
<status status="PASS" starttime="20180820 16:23:14.183" endtime="20180820 16:24:00.309" critical="yes"></status>
</test>
<test id="s1-t3" name="testcase3 个人信息维护">
<kw name="登录" library="Login_keywords" type="setup">
<kw name="Open Browser" library="Selenium2Library">
<doc>Opens a new browser instance to the given ``url``.</doc>
<arguments>
<arg>${url}</arg>
<arg>chrome</arg>
</arguments>
<msg timestamp="20180820 16:24:00.316" level="INFO">Opening browser 'chrome' to base url 'http://115.29.234.80:8110/'.</msg>
<status status="PASS" starttime="20180820 16:24:00.315" endtime="20180820 16:24:09.416"></status>
</kw>
<kw name="Maximize Browser Window" library="Selenium2Library">
<doc>Maximizes current browser window.</doc>
<status status="PASS" starttime="20180820 16:24:09.416" endtime="20180820 16:24:10.539"></status>
</kw>
<kw name="Input Text" library="Selenium2Library">
<doc>Types the given ``text`` into text field identified by ``locator``.</doc>
<arguments>
<arg>${login_user}</arg>
<arg>${username}</arg>
</arguments>
<msg timestamp="20180820 16:24:10.540" level="INFO">Typing text 'admin' into text field 'xpath=//*[@id="txtUserName"]'.</msg>
<status status="PASS" starttime="20180820 16:24:10.539" endtime="20180820 16:24:10.668"></status>
</kw>
<kw name="Input Password" library="Selenium2Library">
<doc>Types the given password into text field identified by ``locator``.</doc>
<arguments>
<arg>${login_pwd}</arg>
<arg>${password}</arg>
</arguments>
<msg timestamp="20180820 16:24:10.669" level="INFO">Typing password into text field 'xpath=//*[@id="txtPassword"]'.</msg>
<status status="PASS" starttime="20180820 16:24:10.668" endtime="20180820 16:24:10.782"></status>
</kw>
<kw name="Click Button" library="Selenium2Library">
<doc>Clicks button identified by ``locator``.</doc>
<arguments>
<arg>${login_submit}</arg>
</arguments>
<msg timestamp="20180820 16:24:10.783" level="INFO">Clicking button 'xpath=//*[@id="btnLogin"]'.</msg>
<status status="PASS" starttime="20180820 16:24:10.783" endtime="20180820 16:24:18.843"></status>
</kw>
<status status="PASS" starttime="20180820 16:24:00.315" endtime="20180820 16:24:18.843"></status>
</kw>
<kw name="展开所有菜单" library="jibenxinxi_keywords">
<doc>点击展开所有按钮功能</doc>
<kw name="Wait Until Element Is Visible" library="Selenium2Library">
<doc>Waits until element ``locator`` is visible.</doc>
<arguments>
<arg>${zhankai}</arg>
<arg>30</arg>
<arg>展开按钮没有显示</arg>
</arguments>
<status status="PASS" starttime="20180820 16:24:18.844" endtime="20180820 16:24:18.898"></status>
</kw>
<kw name="Wait Until Element Is Enabled" library="Selenium2Library">
<doc>Waits until element ``locator`` is enabled.</doc>
<arguments>
<arg>${zhankai}</arg>
</arguments>
<status status="PASS" starttime="20180820 16:24:18.898" endtime="20180820 16:24:18.933"></status>
</kw>
<kw name="Mouse Over" library="Selenium2Library">
<doc>Simulates hovering mouse over the element ``locator``.</doc>
<arguments>
<arg>${zhankai}</arg>
</arguments>
<msg timestamp="20180820 16:24:18.934" level="INFO">Simulating Mouse Over on element 'xpath=//*[@class="l-btn-text icon-expand"]'.</msg>
<status status="PASS" starttime="20180820 16:24:18.934" endtime="20180820 16:24:18.976"></status>
</kw>
<kw name="Get WebElements" library="Selenium2Library">
<doc>Returns list of WebElement objects matching the ``locator``.</doc>
<arguments>
<arg>${menu}</arg>
</arguments>
<assign>
<var>${count_open}</var>
</assign>
<msg timestamp="20180820 16:24:18.999" level="INFO">${count_open} = [&lt;selenium.webdriver.remote.webelement.WebElement (session="299fc99c61908729e1230797e8c0e24f", element="0.5514681135965291-2")&gt;, &lt;selenium.webdriver.remote.webelement.WebElement (session="299fc99c6190...</msg>
<status status="PASS" starttime="20180820 16:24:18.976" endtime="20180820 16:24:18.999"></status>
</kw>
<kw name="Wait Until Element Is Visible" library="Selenium2Library">
<doc>Waits until element ``locator`` is visible.</doc>
<arguments>
<arg>${count_open[0]}</arg>
<arg>30</arg>
<arg>菜单没有及时展开</arg>
</arguments>
<status status="PASS" starttime="20180820 16:24:18.999" endtime="20180820 16:24:19.233"></status>
</kw>
<kw name="Click Element" library="Selenium2Library">
<doc>Click element identified by ``locator``.</doc>
<arguments>
<arg>${count_open[0]}</arg>
</arguments>
<msg timestamp="20180820 16:24:19.234" level="INFO">Clicking element '&lt;selenium.webdriver.remote.webelement.WebElement (session="299fc99c61908729e1230797e8c0e24f", element="0.5514681135965291-2")&gt;'.</msg>
<status status="PASS" starttime="20180820 16:24:19.233" endtime="20180820 16:24:19.319"></status>
</kw>
<status status="PASS" starttime="20180820 16:24:18.843" endtime="20180820 16:24:19.319"></status>
</kw>
<kw name="进入个人信息维护" library="jibenxinxi_keywords">
<doc>点击个人信息维护菜单，并且验证打开后的页面元素</doc>
<kw name="Sleep" library="BuiltIn">
<doc>Pauses the test executed for the given time.</doc>
<arguments>
<arg>10</arg>
</arguments>
<msg timestamp="20180820 16:24:29.321" level="INFO">Slept 10 seconds</msg>
<status status="PASS" starttime="20180820 16:24:19.320" endtime="20180820 16:24:29.321"></status>
</kw>
<kw name="element is visible and click" library="jibenxinxi_keywords">
<doc>自建Keyword，功能：页面元素显示，并且点击</doc>
<arguments>
<arg>${个人信息维护}</arg>
</arguments>
<kw name="Log" library="BuiltIn">
<doc>Logs the given message with the given level.</doc>
<arguments>
<arg>1</arg>
</arguments>
<msg timestamp="20180820 16:24:29.323" level="INFO">1</msg>
<status status="PASS" starttime="20180820 16:24:29.322" endtime="20180820 16:24:29.323"></status>
</kw>
<kw name="Wait Until Element Is Enabled" library="Selenium2Library">
<doc>Waits until element ``locator`` is enabled.</doc>
<arguments>
<arg>xpath=${xpath}</arg>
<arg>${time_out}</arg>
<arg>${error_msg}</arg>
</arguments>
<status status="PASS" starttime="20180820 16:24:29.324" endtime="20180820 16:24:29.376"></status>
</kw>
<kw name="Log" library="BuiltIn">
<doc>Logs the given message with the given level.</doc>
<arguments>
<arg>2</arg>
</arguments>
<msg timestamp="20180820 16:24:29.377" level="INFO">2</msg>
<status status="PASS" starttime="20180820 16:24:29.377" endtime="20180820 16:24:29.377"></status>
</kw>
<kw name="Wait Until Element Is Visible" library="Selenium2Library">
<doc>Waits until element ``locator`` is visible.</doc>
<arguments>
<arg>xpath=${xpath}</arg>
<arg>${time_out}</arg>
<arg>${error_msg}</arg>
</arguments>
<status status="PASS" starttime="20180820 16:24:29.377" endtime="20180820 16:24:29.412"></status>
</kw>
<kw name="Click Element" library="Selenium2Library">
<doc>Click element identified by ``locator``.</doc>
<arguments>
<arg>xpath=${xpath}</arg>
</arguments>
<msg timestamp="20180820 16:24:29.413" level="INFO">Clicking element 'xpath=//*[text()='个人信息维护']'.</msg>
<status status="PASS" starttime="20180820 16:24:29.413" endtime="20180820 16:24:29.508"></status>
</kw>
<status status="PASS" starttime="20180820 16:24:29.321" endtime="20180820 16:24:29.508"></status>
</kw>
<kw name="Wait Until Element Is Visible" library="Selenium2Library">
<doc>Waits until element ``locator`` is visible.</doc>
<arguments>
<arg>${page_frame}</arg>
<arg>60</arg>
<arg>个人信息维护页面的frame还没进入吧</arg>
</arguments>
<status status="PASS" starttime="20180820 16:24:29.509" endtime="20180820 16:24:29.552"></status>
</kw>
<kw name="Select Frame" library="Selenium2Library">
<doc>Sets frame identified by ``locator`` as the current frame.</doc>
<arguments>
<arg>${page_frame}</arg>
</arguments>
<msg timestamp="20180820 16:24:29.553" level="INFO">Selecting frame 'xpath=//*[@scrolling="auto"]'.</msg>
<status status="PASS" starttime="20180820 16:24:29.553" endtime="20180820 16:24:29.608"></status>
</kw>
<kw name="Sleep" library="BuiltIn">
<doc>Pauses the test executed for the given time.</doc>
<arguments>
<arg>5</arg>
</arguments>
<msg timestamp="20180820 16:24:34.608" level="INFO">Slept 5 seconds</msg>
<status status="PASS" starttime="20180820 16:24:29.608" endtime="20180820 16:24:34.608"></status>
</kw>
<status status="PASS" starttime="20180820 16:24:19.319" endtime="20180820 16:24:34.608"></status>
</kw>
<kw name="验证个人信息维护页面元素" library="jibenxinxi_keywords">
<kw name="Sleep" library="BuiltIn">
<doc>Pauses the test executed for the given time.</doc>
<arguments>
<arg>10</arg>
</arguments>
<msg timestamp="20180820 16:24:44.611" level="INFO">Slept 10 seconds</msg>
<status status="PASS" starttime="20180820 16:24:34.609" endtime="20180820 16:24:44.611"></status>
</kw>
<kw name="Wait Until Page Contains Element" library="Selenium2Library">
<doc>Waits until element ``locator`` appears on current page.</doc>
<arguments>
<arg>${部门}</arg>
<arg>60</arg>
<arg>个人信息维护页面验证字段(部门)没有显示</arg>
</arguments>
<status status="PASS" starttime="20180820 16:24:44.611" endtime="20180820 16:24:44.645"></status>
</kw>
<kw name="Get Value" library="Selenium2Library">
<doc>Returns the value attribute of element identified by ``locator``.</doc>
<arguments>
<arg>${部门}</arg>
</arguments>
<assign>
<var>${bumen_value}</var>
</assign>
<msg timestamp="20180820 16:24:44.670" level="INFO">${bumen_value} = 中国铁路南宁局集团有限公司</msg>
<status status="PASS" starttime="20180820 16:24:44.646" endtime="20180820 16:24:44.671"></status>
</kw>
<kw name="Should Be Equal" library="BuiltIn">
<doc>Fails if the given objects are unequal.</doc>
<arguments>
<arg>${bumen_value}</arg>
<arg>中国铁路南宁局集团有限公司</arg>
</arguments>
<status status="PASS" starttime="20180820 16:24:44.671" endtime="20180820 16:24:44.672"></status>
</kw>
<status status="PASS" starttime="20180820 16:24:34.609" endtime="20180820 16:24:44.672"></status>
</kw>
<kw name="Close Browser" library="Selenium2Library" type="teardown">
<doc>Closes the current browser.</doc>
<status status="PASS" starttime="20180820 16:24:44.672" endtime="20180820 16:24:47.744"></status>
</kw>
<doc>验证人员信息维护页面是有内容的</doc>
<status status="PASS" starttime="20180820 16:24:00.310" endtime="20180820 16:24:47.744" critical="yes"></status>
</test>
<test id="s1-t4" name="testcase4 线路管理">
<kw name="登录" library="Login_keywords" type="setup">
<kw name="Open Browser" library="Selenium2Library">
<doc>Opens a new browser instance to the given ``url``.</doc>
<arguments>
<arg>${url}</arg>
<arg>chrome</arg>
</arguments>
<msg timestamp="20180820 16:24:47.750" level="INFO">Opening browser 'chrome' to base url 'http://115.29.234.80:8110/'.</msg>
<status status="PASS" starttime="20180820 16:24:47.750" endtime="20180820 16:25:00.169"></status>
</kw>
<kw name="Maximize Browser Window" library="Selenium2Library">
<doc>Maximizes current browser window.</doc>
<status status="PASS" starttime="20180820 16:25:00.169" endtime="20180820 16:25:01.296"></status>
</kw>
<kw name="Input Text" library="Selenium2Library">
<doc>Types the given ``text`` into text field identified by ``locator``.</doc>
<arguments>
<arg>${login_user}</arg>
<arg>${username}</arg>
</arguments>
<msg timestamp="20180820 16:25:01.297" level="INFO">Typing text 'admin' into text field 'xpath=//*[@id="txtUserName"]'.</msg>
<status status="PASS" starttime="20180820 16:25:01.296" endtime="20180820 16:25:01.429"></status>
</kw>
<kw name="Input Password" library="Selenium2Library">
<doc>Types the given password into text field identified by ``locator``.</doc>
<arguments>
<arg>${login_pwd}</arg>
<arg>${password}</arg>
</arguments>
<msg timestamp="20180820 16:25:01.430" level="INFO">Typing password into text field 'xpath=//*[@id="txtPassword"]'.</msg>
<status status="PASS" starttime="20180820 16:25:01.430" endtime="20180820 16:25:01.547"></status>
</kw>
<kw name="Click Button" library="Selenium2Library">
<doc>Clicks button identified by ``locator``.</doc>
<arguments>
<arg>${login_submit}</arg>
</arguments>
<msg timestamp="20180820 16:25:01.547" level="INFO">Clicking button 'xpath=//*[@id="btnLogin"]'.</msg>
<status status="PASS" starttime="20180820 16:25:01.547" endtime="20180820 16:25:11.625"></status>
</kw>
<status status="PASS" starttime="20180820 16:24:47.749" endtime="20180820 16:25:11.626"></status>
</kw>
<kw name="展开所有菜单" library="jibenxinxi_keywords">
<doc>点击展开所有按钮功能</doc>
<kw name="Wait Until Element Is Visible" library="Selenium2Library">
<doc>Waits until element ``locator`` is visible.</doc>
<arguments>
<arg>${zhankai}</arg>
<arg>30</arg>
<arg>展开按钮没有显示</arg>
</arguments>
<status status="PASS" starttime="20180820 16:25:11.627" endtime="20180820 16:25:11.676"></status>
</kw>
<kw name="Wait Until Element Is Enabled" library="Selenium2Library">
<doc>Waits until element ``locator`` is enabled.</doc>
<arguments>
<arg>${zhankai}</arg>
</arguments>
<status status="PASS" starttime="20180820 16:25:11.676" endtime="20180820 16:25:11.709"></status>
</kw>
<kw name="Mouse Over" library="Selenium2Library">
<doc>Simulates hovering mouse over the element ``locator``.</doc>
<arguments>
<arg>${zhankai}</arg>
</arguments>
<msg timestamp="20180820 16:25:11.709" level="INFO">Simulating Mouse Over on element 'xpath=//*[@class="l-btn-text icon-expand"]'.</msg>
<status status="PASS" starttime="20180820 16:25:11.709" endtime="20180820 16:25:11.748"></status>
</kw>
<kw name="Get WebElements" library="Selenium2Library">
<doc>Returns list of WebElement objects matching the ``locator``.</doc>
<arguments>
<arg>${menu}</arg>
</arguments>
<assign>
<var>${count_open}</var>
</assign>
<msg timestamp="20180820 16:25:11.770" level="INFO">${count_open} = [&lt;selenium.webdriver.remote.webelement.WebElement (session="e07516b00933c9666b6777043dcb9b59", element="0.7950513908447083-2")&gt;, &lt;selenium.webdriver.remote.webelement.WebElement (session="e07516b00933...</msg>
<status status="PASS" starttime="20180820 16:25:11.748" endtime="20180820 16:25:11.770"></status>
</kw>
<kw name="Wait Until Element Is Visible" library="Selenium2Library">
<doc>Waits until element ``locator`` is visible.</doc>
<arguments>
<arg>${count_open[0]}</arg>
<arg>30</arg>
<arg>菜单没有及时展开</arg>
</arguments>
<status status="PASS" starttime="20180820 16:25:11.770" endtime="20180820 16:25:12.004"></status>
</kw>
<kw name="Click Element" library="Selenium2Library">
<doc>Click element identified by ``locator``.</doc>
<arguments>
<arg>${count_open[0]}</arg>
</arguments>
<msg timestamp="20180820 16:25:12.005" level="INFO">Clicking element '&lt;selenium.webdriver.remote.webelement.WebElement (session="e07516b00933c9666b6777043dcb9b59", element="0.7950513908447083-2")&gt;'.</msg>
<status status="PASS" starttime="20180820 16:25:12.004" endtime="20180820 16:25:12.079"></status>
</kw>
<status status="PASS" starttime="20180820 16:25:11.626" endtime="20180820 16:25:12.079"></status>
</kw>
<kw name="进入线路管理菜单页面" library="jibenxinxi_keywords">
<doc>进入线路管理菜单，并且验证打开后的页面元素</doc>
<kw name="Sleep" library="BuiltIn">
<doc>Pauses the test executed for the given time.</doc>
<arguments>
<arg>10</arg>
</arguments>
<msg timestamp="20180820 16:25:22.081" level="INFO">Slept 10 seconds</msg>
<status status="PASS" starttime="20180820 16:25:12.080" endtime="20180820 16:25:22.081"></status>
</kw>
<kw name="element is visible and click" library="jibenxinxi_keywords">
<doc>自建Keyword，功能：页面元素显示，并且点击</doc>
<arguments>
<arg>${线路管理}</arg>
<arg>60</arg>
<arg>线路管理页面无法点击</arg>
</arguments>
<kw name="Log" library="BuiltIn">
<doc>Logs the given message with the given level.</doc>
<arguments>
<arg>1</arg>
</arguments>
<msg timestamp="20180820 16:25:22.083" level="INFO">1</msg>
<status status="PASS" starttime="20180820 16:25:22.082" endtime="20180820 16:25:22.083"></status>
</kw>
<kw name="Wait Until Element Is Enabled" library="Selenium2Library">
<doc>Waits until element ``locator`` is enabled.</doc>
<arguments>
<arg>xpath=${xpath}</arg>
<arg>${time_out}</arg>
<arg>${error_msg}</arg>
</arguments>
<status status="PASS" starttime="20180820 16:25:22.083" endtime="20180820 16:25:22.138"></status>
</kw>
<kw name="Log" library="BuiltIn">
<doc>Logs the given message with the given level.</doc>
<arguments>
<arg>2</arg>
</arguments>
<msg timestamp="20180820 16:25:22.138" level="INFO">2</msg>
<status status="PASS" starttime="20180820 16:25:22.138" endtime="20180820 16:25:22.138"></status>
</kw>
<kw name="Wait Until Element Is Visible" library="Selenium2Library">
<doc>Waits until element ``locator`` is visible.</doc>
<arguments>
<arg>xpath=${xpath}</arg>
<arg>${time_out}</arg>
<arg>${error_msg}</arg>
</arguments>
<status status="PASS" starttime="20180820 16:25:22.138" endtime="20180820 16:25:22.172"></status>
</kw>
<kw name="Click Element" library="Selenium2Library">
<doc>Click element identified by ``locator``.</doc>
<arguments>
<arg>xpath=${xpath}</arg>
</arguments>
<msg timestamp="20180820 16:25:22.173" level="INFO">Clicking element 'xpath=//*[text()='线路管理']'.</msg>
<status status="PASS" starttime="20180820 16:25:22.172" endtime="20180820 16:25:22.267"></status>
</kw>
<status status="PASS" starttime="20180820 16:25:22.081" endtime="20180820 16:25:22.267"></status>
</kw>
<kw name="Wait Until Element Is Visible" library="Selenium2Library">
<doc>Waits until element ``locator`` is visible.</doc>
<arguments>
<arg>${page_frame}</arg>
<arg>60</arg>
<arg>线路管理页面的frame还没进入吧</arg>
</arguments>
<status status="PASS" starttime="20180820 16:25:22.267" endtime="20180820 16:25:22.310"></status>
</kw>
<kw name="Select Frame" library="Selenium2Library">
<doc>Sets frame identified by ``locator`` as the current frame.</doc>
<arguments>
<arg>${page_frame}</arg>
</arguments>
<msg timestamp="20180820 16:25:22.310" level="INFO">Selecting frame 'xpath=//*[@scrolling="auto"]'.</msg>
<status status="PASS" starttime="20180820 16:25:22.310" endtime="20180820 16:25:22.356"></status>
</kw>
<kw name="Sleep" library="BuiltIn">
<doc>Pauses the test executed for the given time.</doc>
<arguments>
<arg>5</arg>
</arguments>
<msg timestamp="20180820 16:25:27.357" level="INFO">Slept 5 seconds</msg>
<status status="PASS" starttime="20180820 16:25:22.357" endtime="20180820 16:25:27.357"></status>
</kw>
<status status="PASS" starttime="20180820 16:25:12.079" endtime="20180820 16:25:27.357"></status>
</kw>
<kw name="验证线路管理页面元素" library="jibenxinxi_keywords">
<kw name="Sleep" library="BuiltIn">
<doc>Pauses the test executed for the given time.</doc>
<arguments>
<arg>10</arg>
</arguments>
<msg timestamp="20180820 16:25:37.360" level="INFO">Slept 10 seconds</msg>
<status status="PASS" starttime="20180820 16:25:27.358" endtime="20180820 16:25:37.360"></status>
</kw>
<kw name="Wait Until Page Contains Element" library="Selenium2Library">
<doc>Waits until element ``locator`` appears on current page.</doc>
<arguments>
<arg>${新增线路}</arg>
<arg>60</arg>
<arg>线路管理页面验证字段(新增线路)没有显示</arg>
</arguments>
<status status="PASS" starttime="20180820 16:25:37.360" endtime="20180820 16:25:37.395"></status>
</kw>
<kw name="Xpath Should Match X Times" library="Selenium2Library">
<doc>Deprecated, use `Page Should Contain Element` with ``limit`` argument instead.</doc>
<arguments>
<arg>${新增线路}</arg>
<arg>1</arg>
</arguments>
<msg timestamp="20180820 16:25:37.410" level="INFO">Current page contains 1 elements matching 'xpath://*[text()='新增线路']'.</msg>
<status status="PASS" starttime="20180820 16:25:37.395" endtime="20180820 16:25:37.410"></status>
</kw>
<status status="PASS" starttime="20180820 16:25:27.358" endtime="20180820 16:25:37.411"></status>
</kw>
<kw name="Close Browser" library="Selenium2Library" type="teardown">
<doc>Closes the current browser.</doc>
<status status="PASS" starttime="20180820 16:25:37.411" endtime="20180820 16:25:40.479"></status>
</kw>
<doc>验证线路管理页面是有内容的</doc>
<status status="PASS" starttime="20180820 16:24:47.745" endtime="20180820 16:25:40.479" critical="yes"></status>
</test>
<test id="s1-t5" name="testcase5 车站及管辖维护">
<kw name="登录" library="Login_keywords" type="setup">
<kw name="Open Browser" library="Selenium2Library">
<doc>Opens a new browser instance to the given ``url``.</doc>
<arguments>
<arg>${url}</arg>
<arg>chrome</arg>
</arguments>
<msg timestamp="20180820 16:25:40.486" level="INFO">Opening browser 'chrome' to base url 'http://115.29.234.80:8110/'.</msg>
<status status="PASS" starttime="20180820 16:25:40.486" endtime="20180820 16:25:49.641"></status>
</kw>
<kw name="Maximize Browser Window" library="Selenium2Library">
<doc>Maximizes current browser window.</doc>
<status status="PASS" starttime="20180820 16:25:49.642" endtime="20180820 16:25:50.757"></status>
</kw>
<kw name="Input Text" library="Selenium2Library">
<doc>Types the given ``text`` into text field identified by ``locator``.</doc>
<arguments>
<arg>${login_user}</arg>
<arg>${username}</arg>
</arguments>
<msg timestamp="20180820 16:25:50.758" level="INFO">Typing text 'admin' into text field 'xpath=//*[@id="txtUserName"]'.</msg>
<status status="PASS" starttime="20180820 16:25:50.757" endtime="20180820 16:25:50.887"></status>
</kw>
<kw name="Input Password" library="Selenium2Library">
<doc>Types the given password into text field identified by ``locator``.</doc>
<arguments>
<arg>${login_pwd}</arg>
<arg>${password}</arg>
</arguments>
<msg timestamp="20180820 16:25:50.888" level="INFO">Typing password into text field 'xpath=//*[@id="txtPassword"]'.</msg>
<status status="PASS" starttime="20180820 16:25:50.887" endtime="20180820 16:25:50.996"></status>
</kw>
<kw name="Click Button" library="Selenium2Library">
<doc>Clicks button identified by ``locator``.</doc>
<arguments>
<arg>${login_submit}</arg>
</arguments>
<msg timestamp="20180820 16:25:50.997" level="INFO">Clicking button 'xpath=//*[@id="btnLogin"]'.</msg>
<status status="PASS" starttime="20180820 16:25:50.997" endtime="20180820 16:26:02.615"></status>
</kw>
<status status="PASS" starttime="20180820 16:25:40.485" endtime="20180820 16:26:02.615"></status>
</kw>
<kw name="展开所有菜单" library="jibenxinxi_keywords">
<doc>点击展开所有按钮功能</doc>
<kw name="Wait Until Element Is Visible" library="Selenium2Library">
<doc>Waits until element ``locator`` is visible.</doc>
<arguments>
<arg>${zhankai}</arg>
<arg>30</arg>
<arg>展开按钮没有显示</arg>
</arguments>
<status status="PASS" starttime="20180820 16:26:02.617" endtime="20180820 16:26:02.672"></status>
</kw>
<kw name="Wait Until Element Is Enabled" library="Selenium2Library">
<doc>Waits until element ``locator`` is enabled.</doc>
<arguments>
<arg>${zhankai}</arg>
</arguments>
<status status="PASS" starttime="20180820 16:26:02.673" endtime="20180820 16:26:02.708"></status>
</kw>
<kw name="Mouse Over" library="Selenium2Library">
<doc>Simulates hovering mouse over the element ``locator``.</doc>
<arguments>
<arg>${zhankai}</arg>
</arguments>
<msg timestamp="20180820 16:26:02.708" level="INFO">Simulating Mouse Over on element 'xpath=//*[@class="l-btn-text icon-expand"]'.</msg>
<status status="PASS" starttime="20180820 16:26:02.708" endtime="20180820 16:26:02.746"></status>
</kw>
<kw name="Get WebElements" library="Selenium2Library">
<doc>Returns list of WebElement objects matching the ``locator``.</doc>
<arguments>
<arg>${menu}</arg>
</arguments>
<assign>
<var>${count_open}</var>
</assign>
<msg timestamp="20180820 16:26:02.767" level="INFO">${count_open} = [&lt;selenium.webdriver.remote.webelement.WebElement (session="bbcdfe6d0b176a83f4c6960675528317", element="0.445450014401108-2")&gt;, &lt;selenium.webdriver.remote.webelement.WebElement (session="bbcdfe6d0b176...</msg>
<status status="PASS" starttime="20180820 16:26:02.746" endtime="20180820 16:26:02.767"></status>
</kw>
<kw name="Wait Until Element Is Visible" library="Selenium2Library">
<doc>Waits until element ``locator`` is visible.</doc>
<arguments>
<arg>${count_open[0]}</arg>
<arg>30</arg>
<arg>菜单没有及时展开</arg>
</arguments>
<status status="PASS" starttime="20180820 16:26:02.767" endtime="20180820 16:26:03.004"></status>
</kw>
<kw name="Click Element" library="Selenium2Library">
<doc>Click element identified by ``locator``.</doc>
<arguments>
<arg>${count_open[0]}</arg>
</arguments>
<msg timestamp="20180820 16:26:03.005" level="INFO">Clicking element '&lt;selenium.webdriver.remote.webelement.WebElement (session="bbcdfe6d0b176a83f4c6960675528317", element="0.445450014401108-2")&gt;'.</msg>
<status status="PASS" starttime="20180820 16:26:03.004" endtime="20180820 16:26:03.079"></status>
</kw>
<status status="PASS" starttime="20180820 16:26:02.616" endtime="20180820 16:26:03.079"></status>
</kw>
<kw name="进入车站及管辖维护菜单页面" library="jibenxinxi_keywords">
<doc>进入车站及管辖维护菜单，并且验证打开后的页面元素</doc>
<kw name="Sleep" library="BuiltIn">
<doc>Pauses the test executed for the given time.</doc>
<arguments>
<arg>10</arg>
</arguments>
<msg timestamp="20180820 16:26:13.081" level="INFO">Slept 10 seconds</msg>
<status status="PASS" starttime="20180820 16:26:03.080" endtime="20180820 16:26:13.081"></status>
</kw>
<kw name="element is visible and click" library="jibenxinxi_keywords">
<doc>自建Keyword，功能：页面元素显示，并且点击</doc>
<arguments>
<arg>${车站及管辖维护}</arg>
<arg>60</arg>
<arg>车站及管辖维护页面无法点击</arg>
</arguments>
<kw name="Log" library="BuiltIn">
<doc>Logs the given message with the given level.</doc>
<arguments>
<arg>1</arg>
</arguments>
<msg timestamp="20180820 16:26:13.083" level="INFO">1</msg>
<status status="PASS" starttime="20180820 16:26:13.083" endtime="20180820 16:26:13.083"></status>
</kw>
<kw name="Wait Until Element Is Enabled" library="Selenium2Library">
<doc>Waits until element ``locator`` is enabled.</doc>
<arguments>
<arg>xpath=${xpath}</arg>
<arg>${time_out}</arg>
<arg>${error_msg}</arg>
</arguments>
<status status="PASS" starttime="20180820 16:26:13.083" endtime="20180820 16:26:13.137"></status>
</kw>
<kw name="Log" library="BuiltIn">
<doc>Logs the given message with the given level.</doc>
<arguments>
<arg>2</arg>
</arguments>
<msg timestamp="20180820 16:26:13.138" level="INFO">2</msg>
<status status="PASS" starttime="20180820 16:26:13.138" endtime="20180820 16:26:13.138"></status>
</kw>
<kw name="Wait Until Element Is Visible" library="Selenium2Library">
<doc>Waits until element ``locator`` is visible.</doc>
<arguments>
<arg>xpath=${xpath}</arg>
<arg>${time_out}</arg>
<arg>${error_msg}</arg>
</arguments>
<status status="PASS" starttime="20180820 16:26:13.138" endtime="20180820 16:26:13.178"></status>
</kw>
<kw name="Click Element" library="Selenium2Library">
<doc>Click element identified by ``locator``.</doc>
<arguments>
<arg>xpath=${xpath}</arg>
</arguments>
<msg timestamp="20180820 16:26:13.179" level="INFO">Clicking element 'xpath=//*[text()='车站及管辖维护']'.</msg>
<status status="PASS" starttime="20180820 16:26:13.179" endtime="20180820 16:26:13.273"></status>
</kw>
<status status="PASS" starttime="20180820 16:26:13.082" endtime="20180820 16:26:13.273"></status>
</kw>
<kw name="Wait Until Element Is Visible" library="Selenium2Library">
<doc>Waits until element ``locator`` is visible.</doc>
<arguments>
<arg>${page_frame}</arg>
<arg>60</arg>
<arg>车站及管辖维护页面的frame还没进入吧</arg>
</arguments>
<status status="PASS" starttime="20180820 16:26:13.273" endtime="20180820 16:26:13.331"></status>
</kw>
<kw name="Select Frame" library="Selenium2Library">
<doc>Sets frame identified by ``locator`` as the current frame.</doc>
<arguments>
<arg>${page_frame}</arg>
</arguments>
<msg timestamp="20180820 16:26:13.332" level="INFO">Selecting frame 'xpath=//*[@scrolling="auto"]'.</msg>
<status status="PASS" starttime="20180820 16:26:13.331" endtime="20180820 16:26:13.381"></status>
</kw>
<kw name="Sleep" library="BuiltIn">
<doc>Pauses the test executed for the given time.</doc>
<arguments>
<arg>5</arg>
</arguments>
<msg timestamp="20180820 16:26:18.382" level="INFO">Slept 5 seconds</msg>
<status status="PASS" starttime="20180820 16:26:13.382" endtime="20180820 16:26:18.382"></status>
</kw>
<status status="PASS" starttime="20180820 16:26:03.079" endtime="20180820 16:26:18.382"></status>
</kw>
<kw name="验证车站及管辖维护页面元素" library="jibenxinxi_keywords">
<kw name="Sleep" library="BuiltIn">
<doc>Pauses the test executed for the given time.</doc>
<arguments>
<arg>10</arg>
</arguments>
<msg timestamp="20180820 16:26:28.384" level="INFO">Slept 10 seconds</msg>
<status status="PASS" starttime="20180820 16:26:18.383" endtime="20180820 16:26:28.384"></status>
</kw>
<kw name="Wait Until Page Contains Element" library="Selenium2Library">
<doc>Waits until element ``locator`` appears on current page.</doc>
<arguments>
<arg>${新增车站}</arg>
<arg>60</arg>
<arg>车站及管辖维护页面验证字段(新增线路)没有显示</arg>
</arguments>
<status status="PASS" starttime="20180820 16:26:28.384" endtime="20180820 16:26:30.325"></status>
</kw>
<kw name="Xpath Should Match X Times" library="Selenium2Library">
<doc>Deprecated, use `Page Should Contain Element` with ``limit`` argument instead.</doc>
<arguments>
<arg>${新增车站}</arg>
<arg>1</arg>
</arguments>
<msg timestamp="20180820 16:26:30.344" level="INFO">Current page contains 1 elements matching 'xpath://*[text()='新增车站']'.</msg>
<status status="PASS" starttime="20180820 16:26:30.325" endtime="20180820 16:26:30.344"></status>
</kw>
<status status="PASS" starttime="20180820 16:26:18.383" endtime="20180820 16:26:30.344"></status>
</kw>
<kw name="Close Browser" library="Selenium2Library" type="teardown">
<doc>Closes the current browser.</doc>
<status status="PASS" starttime="20180820 16:26:30.344" endtime="20180820 16:26:33.396"></status>
</kw>
<doc>验证车站及管辖维护页面是有内容的</doc>
<status status="PASS" starttime="20180820 16:25:40.480" endtime="20180820 16:26:33.396" critical="yes"></status>
</test>
<test id="s1-t6" name="testcase6 人员调动审批">
<kw name="登录" library="Login_keywords" type="setup">
<kw name="Open Browser" library="Selenium2Library">
<doc>Opens a new browser instance to the given ``url``.</doc>
<arguments>
<arg>${url}</arg>
<arg>chrome</arg>
</arguments>
<msg timestamp="20180820 16:26:33.403" level="INFO">Opening browser 'chrome' to base url 'http://115.29.234.80:8110/'.</msg>
<status status="PASS" starttime="20180820 16:26:33.402" endtime="20180820 16:26:41.511"></status>
</kw>
<kw name="Maximize Browser Window" library="Selenium2Library">
<doc>Maximizes current browser window.</doc>
<status status="PASS" starttime="20180820 16:26:41.512" endtime="20180820 16:26:42.633"></status>
</kw>
<kw name="Input Text" library="Selenium2Library">
<doc>Types the given ``text`` into text field identified by ``locator``.</doc>
<arguments>
<arg>${login_user}</arg>
<arg>${username}</arg>
</arguments>
<msg timestamp="20180820 16:26:42.633" level="INFO">Typing text 'admin' into text field 'xpath=//*[@id="txtUserName"]'.</msg>
<status status="PASS" starttime="20180820 16:26:42.633" endtime="20180820 16:26:42.760"></status>
</kw>
<kw name="Input Password" library="Selenium2Library">
<doc>Types the given password into text field identified by ``locator``.</doc>
<arguments>
<arg>${login_pwd}</arg>
<arg>${password}</arg>
</arguments>
<msg timestamp="20180820 16:26:42.761" level="INFO">Typing password into text field 'xpath=//*[@id="txtPassword"]'.</msg>
<status status="PASS" starttime="20180820 16:26:42.760" endtime="20180820 16:26:42.871"></status>
</kw>
<kw name="Click Button" library="Selenium2Library">
<doc>Clicks button identified by ``locator``.</doc>
<arguments>
<arg>${login_submit}</arg>
</arguments>
<msg timestamp="20180820 16:26:42.872" level="INFO">Clicking button 'xpath=//*[@id="btnLogin"]'.</msg>
<status status="PASS" starttime="20180820 16:26:42.872" endtime="20180820 16:26:51.781"></status>
</kw>
<status status="PASS" starttime="20180820 16:26:33.401" endtime="20180820 16:26:51.781"></status>
</kw>
<kw name="展开所有菜单" library="jibenxinxi_keywords">
<doc>点击展开所有按钮功能</doc>
<kw name="Wait Until Element Is Visible" library="Selenium2Library">
<doc>Waits until element ``locator`` is visible.</doc>
<arguments>
<arg>${zhankai}</arg>
<arg>30</arg>
<arg>展开按钮没有显示</arg>
</arguments>
<status status="PASS" starttime="20180820 16:26:51.782" endtime="20180820 16:26:51.834"></status>
</kw>
<kw name="Wait Until Element Is Enabled" library="Selenium2Library">
<doc>Waits until element ``locator`` is enabled.</doc>
<arguments>
<arg>${zhankai}</arg>
</arguments>
<status status="PASS" starttime="20180820 16:26:51.835" endtime="20180820 16:26:51.867"></status>
</kw>
<kw name="Mouse Over" library="Selenium2Library">
<doc>Simulates hovering mouse over the element ``locator``.</doc>
<arguments>
<arg>${zhankai}</arg>
</arguments>
<msg timestamp="20180820 16:26:51.868" level="INFO">Simulating Mouse Over on element 'xpath=//*[@class="l-btn-text icon-expand"]'.</msg>
<status status="PASS" starttime="20180820 16:26:51.867" endtime="20180820 16:26:51.905"></status>
</kw>
<kw name="Get WebElements" library="Selenium2Library">
<doc>Returns list of WebElement objects matching the ``locator``.</doc>
<arguments>
<arg>${menu}</arg>
</arguments>
<assign>
<var>${count_open}</var>
</assign>
<msg timestamp="20180820 16:26:51.926" level="INFO">${count_open} = [&lt;selenium.webdriver.remote.webelement.WebElement (session="20fd12de11e6bd8dc25237997880b480", element="0.817753940636275-2")&gt;, &lt;selenium.webdriver.remote.webelement.WebElement (session="20fd12de11e6b...</msg>
<status status="PASS" starttime="20180820 16:26:51.905" endtime="20180820 16:26:51.926"></status>
</kw>
<kw name="Wait Until Element Is Visible" library="Selenium2Library">
<doc>Waits until element ``locator`` is visible.</doc>
<arguments>
<arg>${count_open[0]}</arg>
<arg>30</arg>
<arg>菜单没有及时展开</arg>
</arguments>
<status status="PASS" starttime="20180820 16:26:51.927" endtime="20180820 16:26:52.160"></status>
</kw>
<kw name="Click Element" library="Selenium2Library">
<doc>Click element identified by ``locator``.</doc>
<arguments>
<arg>${count_open[0]}</arg>
</arguments>
<msg timestamp="20180820 16:26:52.161" level="INFO">Clicking element '&lt;selenium.webdriver.remote.webelement.WebElement (session="20fd12de11e6bd8dc25237997880b480", element="0.817753940636275-2")&gt;'.</msg>
<status status="PASS" starttime="20180820 16:26:52.161" endtime="20180820 16:26:52.238"></status>
</kw>
<status status="PASS" starttime="20180820 16:26:51.782" endtime="20180820 16:26:52.239"></status>
</kw>
<kw name="进入人员调动审批菜单页面" library="jibenxinxi_keywords">
<doc>进入人员调动审批菜单，并且验证打开后的页面元素</doc>
<kw name="Sleep" library="BuiltIn">
<doc>Pauses the test executed for the given time.</doc>
<arguments>
<arg>10</arg>
</arguments>
<msg timestamp="20180820 16:27:02.240" level="INFO">Slept 10 seconds</msg>
<status status="PASS" starttime="20180820 16:26:52.240" endtime="20180820 16:27:02.240"></status>
</kw>
<kw name="element is visible and click" library="jibenxinxi_keywords">
<doc>自建Keyword，功能：页面元素显示，并且点击</doc>
<arguments>
<arg>${人员调动审批}</arg>
<arg>60</arg>
<arg>人员调动审批页面无法点击</arg>
</arguments>
<kw name="Log" library="BuiltIn">
<doc>Logs the given message with the given level.</doc>
<arguments>
<arg>1</arg>
</arguments>
<msg timestamp="20180820 16:27:02.242" level="INFO">1</msg>
<status status="PASS" starttime="20180820 16:27:02.241" endtime="20180820 16:27:02.242"></status>
</kw>
<kw name="Wait Until Element Is Enabled" library="Selenium2Library">
<doc>Waits until element ``locator`` is enabled.</doc>
<arguments>
<arg>xpath=${xpath}</arg>
<arg>${time_out}</arg>
<arg>${error_msg}</arg>
</arguments>
<status status="PASS" starttime="20180820 16:27:02.242" endtime="20180820 16:27:02.293"></status>
</kw>
<kw name="Log" library="BuiltIn">
<doc>Logs the given message with the given level.</doc>
<arguments>
<arg>2</arg>
</arguments>
<msg timestamp="20180820 16:27:02.294" level="INFO">2</msg>
<status status="PASS" starttime="20180820 16:27:02.294" endtime="20180820 16:27:02.294"></status>
</kw>
<kw name="Wait Until Element Is Visible" library="Selenium2Library">
<doc>Waits until element ``locator`` is visible.</doc>
<arguments>
<arg>xpath=${xpath}</arg>
<arg>${time_out}</arg>
<arg>${error_msg}</arg>
</arguments>
<status status="PASS" starttime="20180820 16:27:02.295" endtime="20180820 16:27:02.329"></status>
</kw>
<kw name="Click Element" library="Selenium2Library">
<doc>Click element identified by ``locator``.</doc>
<arguments>
<arg>xpath=${xpath}</arg>
</arguments>
<msg timestamp="20180820 16:27:02.330" level="INFO">Clicking element 'xpath=//*[text()='人员调动审批']'.</msg>
<status status="PASS" starttime="20180820 16:27:02.330" endtime="20180820 16:27:02.427"></status>
</kw>
<status status="PASS" starttime="20180820 16:27:02.240" endtime="20180820 16:27:02.427"></status>
</kw>
<kw name="Wait Until Element Is Visible" library="Selenium2Library">
<doc>Waits until element ``locator`` is visible.</doc>
<arguments>
<arg>${page_frame}</arg>
<arg>60</arg>
<arg>人员调动审批页面的frame还没进入吧</arg>
</arguments>
<status status="PASS" starttime="20180820 16:27:02.428" endtime="20180820 16:27:02.470"></status>
</kw>
<kw name="Select Frame" library="Selenium2Library">
<doc>Sets frame identified by ``locator`` as the current frame.</doc>
<arguments>
<arg>${page_frame}</arg>
</arguments>
<msg timestamp="20180820 16:27:02.471" level="INFO">Selecting frame 'xpath=//*[@scrolling="auto"]'.</msg>
<status status="PASS" starttime="20180820 16:27:02.471" endtime="20180820 16:27:02.517"></status>
</kw>
<kw name="Sleep" library="BuiltIn">
<doc>Pauses the test executed for the given time.</doc>
<arguments>
<arg>5</arg>
</arguments>
<msg timestamp="20180820 16:27:07.519" level="INFO">Slept 5 seconds</msg>
<status status="PASS" starttime="20180820 16:27:02.517" endtime="20180820 16:27:07.519"></status>
</kw>
<status status="PASS" starttime="20180820 16:26:52.239" endtime="20180820 16:27:07.519"></status>
</kw>
<kw name="验证人员调动审批页面元素" library="jibenxinxi_keywords">
<kw name="Sleep" library="BuiltIn">
<doc>Pauses the test executed for the given time.</doc>
<arguments>
<arg>10</arg>
</arguments>
<msg timestamp="20180820 16:27:17.521" level="INFO">Slept 10 seconds</msg>
<status status="PASS" starttime="20180820 16:27:07.520" endtime="20180820 16:27:17.521"></status>
</kw>
<kw name="Wait Until Page Contains Element" library="Selenium2Library">
<doc>Waits until element ``locator`` appears on current page.</doc>
<arguments>
<arg>${姓名文本}</arg>
<arg>60</arg>
<arg>车站及管辖维护页面验证字段(新增线路)没有显示</arg>
</arguments>
<status status="PASS" starttime="20180820 16:27:17.521" endtime="20180820 16:27:17.553"></status>
</kw>
<kw name="Get Text" library="Selenium2Library">
<doc>Returns the text value of element identified by ``locator``.</doc>
<arguments>
<arg>${姓名文本}</arg>
</arguments>
<assign>
<var>${name_text}</var>
</assign>
<msg timestamp="20180820 16:27:17.615" level="INFO">${name_text} = 姓名: 开始时间:
结束时间:
状态:
  查询 重置</msg>
<status status="PASS" starttime="20180820 16:27:17.553" endtime="20180820 16:27:17.615"></status>
</kw>
<kw name="Should Contain" library="BuiltIn">
<doc>Fails if ``container`` does not contain ``item`` one or more times.</doc>
<arguments>
<arg>${name_text}</arg>
<arg>姓名:</arg>
</arguments>
<status status="PASS" starttime="20180820 16:27:17.616" endtime="20180820 16:27:17.616"></status>
</kw>
<status status="PASS" starttime="20180820 16:27:07.520" endtime="20180820 16:27:17.616"></status>
</kw>
<kw name="Close Browser" library="Selenium2Library" type="teardown">
<doc>Closes the current browser.</doc>
<status status="PASS" starttime="20180820 16:27:17.617" endtime="20180820 16:27:20.702"></status>
</kw>
<doc>验证人员调动审批页面是有内容的</doc>
<status status="PASS" starttime="20180820 16:26:33.397" endtime="20180820 16:27:20.702" critical="yes"></status>
</test>
<doc>部门管理稳定性测试</doc>
<status status="PASS" starttime="20180820 16:22:41.800" endtime="20180820 16:27:20.704"></status>
</suite>
<statistics>
<total>
<stat pass="6" fail="0">Critical Tests</stat>
<stat pass="6" fail="0">All Tests</stat>
</total>
<tag>
</tag>
<suite>
<stat pass="6" fail="0" id="s1" name="Bumenguanli">Bumenguanli</stat>
</suite>
</statistics>
<errors>
</errors>
</robot>
