<?xml version="1.0" encoding="UTF-8"?>
<robot generator="Robot 3.0.4 (Python 3.6.3 on win32)" generated="20180820 16:36:49.563">
<suite id="s1" name="fixFunc" source="C:\Users\HP\Desktop\guest\NNUIFramework\RobotFramework\Page\基本信息\组织机构\fixFunc.robot">
<test id="s1-t1" name="testcase1 部门管理">
<kw name="登录" library="Login_keywords" type="setup">
<kw name="Open Browser" library="Selenium2Library">
<doc>Opens a new browser instance to the given ``url``.</doc>
<arguments>
<arg>${url}</arg>
<arg>chrome</arg>
</arguments>
<msg timestamp="20180820 16:36:49.798" level="INFO">Opening browser 'chrome' to base url 'http://115.29.234.80:8110/'.</msg>
<status status="PASS" starttime="20180820 16:36:49.798" endtime="20180820 16:36:58.224"></status>
</kw>
<kw name="Maximize Browser Window" library="Selenium2Library">
<doc>Maximizes current browser window.</doc>
<status status="PASS" starttime="20180820 16:36:58.224" endtime="20180820 16:36:59.347"></status>
</kw>
<kw name="Input Text" library="Selenium2Library">
<doc>Types the given ``text`` into text field identified by ``locator``.</doc>
<arguments>
<arg>${login_user}</arg>
<arg>${username}</arg>
</arguments>
<msg timestamp="20180820 16:36:59.347" level="INFO">Typing text 'admin' into text field 'xpath=//*[@id="txtUserName"]'.</msg>
<status status="PASS" starttime="20180820 16:36:59.347" endtime="20180820 16:36:59.473"></status>
</kw>
<kw name="Input Password" library="Selenium2Library">
<doc>Types the given password into text field identified by ``locator``.</doc>
<arguments>
<arg>${login_pwd}</arg>
<arg>${password}</arg>
</arguments>
<msg timestamp="20180820 16:36:59.474" level="INFO">Typing password into text field 'xpath=//*[@id="txtPassword"]'.</msg>
<status status="PASS" starttime="20180820 16:36:59.474" endtime="20180820 16:36:59.585"></status>
</kw>
<kw name="Click Button" library="Selenium2Library">
<doc>Clicks button identified by ``locator``.</doc>
<arguments>
<arg>${login_submit}</arg>
</arguments>
<msg timestamp="20180820 16:36:59.586" level="INFO">Clicking button 'xpath=//*[@id="btnLogin"]'.</msg>
<status status="PASS" starttime="20180820 16:36:59.585" endtime="20180820 16:37:06.252"></status>
</kw>
<status status="PASS" starttime="20180820 16:36:49.797" endtime="20180820 16:37:06.252"></status>
</kw>
<kw name="展开所有菜单" library="jibenxinxi_keywords">
<doc>点击展开所有按钮功能</doc>
<kw name="Wait Until Element Is Visible" library="Selenium2Library">
<doc>Waits until element ``locator`` is visible.</doc>
<arguments>
<arg>${zhankai}</arg>
<arg>30</arg>
<arg>展开按钮没有显示</arg>
</arguments>
<status status="PASS" starttime="20180820 16:37:06.253" endtime="20180820 16:37:06.305"></status>
</kw>
<kw name="Wait Until Element Is Enabled" library="Selenium2Library">
<doc>Waits until element ``locator`` is enabled.</doc>
<arguments>
<arg>${zhankai}</arg>
</arguments>
<status status="PASS" starttime="20180820 16:37:06.305" endtime="20180820 16:37:06.342"></status>
</kw>
<kw name="Mouse Over" library="Selenium2Library">
<doc>Simulates hovering mouse over the element ``locator``.</doc>
<arguments>
<arg>${zhankai}</arg>
</arguments>
<msg timestamp="20180820 16:37:06.342" level="INFO">Simulating Mouse Over on element 'xpath=//*[@class="l-btn-text icon-expand"]'.</msg>
<status status="PASS" starttime="20180820 16:37:06.342" endtime="20180820 16:37:06.380"></status>
</kw>
<kw name="Get WebElements" library="Selenium2Library">
<doc>Returns list of WebElement objects matching the ``locator``.</doc>
<arguments>
<arg>${menu}</arg>
</arguments>
<assign>
<var>${count_open}</var>
</assign>
<msg timestamp="20180820 16:37:06.402" level="INFO">${count_open} = [&lt;selenium.webdriver.remote.webelement.WebElement (session="e6d5e2f94810894610657fb25cad6c45", element="0.5136027102716332-2")&gt;, &lt;selenium.webdriver.remote.webelement.WebElement (session="e6d5e2f94810...</msg>
<status status="PASS" starttime="20180820 16:37:06.380" endtime="20180820 16:37:06.402"></status>
</kw>
<kw name="Wait Until Element Is Visible" library="Selenium2Library">
<doc>Waits until element ``locator`` is visible.</doc>
<arguments>
<arg>${count_open[0]}</arg>
<arg>30</arg>
<arg>菜单没有及时展开</arg>
</arguments>
<status status="PASS" starttime="20180820 16:37:06.403" endtime="20180820 16:37:06.636"></status>
</kw>
<kw name="Click Element" library="Selenium2Library">
<doc>Click element identified by ``locator``.</doc>
<arguments>
<arg>${count_open[0]}</arg>
</arguments>
<msg timestamp="20180820 16:37:06.637" level="INFO">Clicking element '&lt;selenium.webdriver.remote.webelement.WebElement (session="e6d5e2f94810894610657fb25cad6c45", element="0.5136027102716332-2")&gt;'.</msg>
<status status="PASS" starttime="20180820 16:37:06.637" endtime="20180820 16:37:06.719"></status>
</kw>
<status status="PASS" starttime="20180820 16:37:06.252" endtime="20180820 16:37:06.719"></status>
</kw>
<kw name="进入部门管理" library="jibenxinxi_keywords">
<doc>点击部门管理菜单，并且验证打开后的页面元素</doc>
<kw name="Sleep" library="BuiltIn">
<doc>Pauses the test executed for the given time.</doc>
<arguments>
<arg>5</arg>
</arguments>
<msg timestamp="20180820 16:37:11.720" level="INFO">Slept 5 seconds</msg>
<status status="PASS" starttime="20180820 16:37:06.720" endtime="20180820 16:37:11.720"></status>
</kw>
<kw name="element is visible and click" library="jibenxinxi_keywords">
<doc>自建Keyword，功能：页面元素显示，并且点击</doc>
<arguments>
<arg>${部门管理}</arg>
<arg>30</arg>
<arg>部门管理菜单没能及时刷新</arg>
</arguments>
<kw name="Log" library="BuiltIn">
<doc>Logs the given message with the given level.</doc>
<arguments>
<arg>1</arg>
</arguments>
<msg timestamp="20180820 16:37:11.722" level="INFO">1</msg>
<status status="PASS" starttime="20180820 16:37:11.721" endtime="20180820 16:37:11.722"></status>
</kw>
<kw name="Wait Until Element Is Enabled" library="Selenium2Library">
<doc>Waits until element ``locator`` is enabled.</doc>
<arguments>
<arg>xpath=${xpath}</arg>
<arg>${time_out}</arg>
<arg>${error_msg}</arg>
</arguments>
<status status="PASS" starttime="20180820 16:37:11.722" endtime="20180820 16:37:11.777"></status>
</kw>
<kw name="Log" library="BuiltIn">
<doc>Logs the given message with the given level.</doc>
<arguments>
<arg>2</arg>
</arguments>
<msg timestamp="20180820 16:37:11.778" level="INFO">2</msg>
<status status="PASS" starttime="20180820 16:37:11.777" endtime="20180820 16:37:11.778"></status>
</kw>
<kw name="Wait Until Element Is Visible" library="Selenium2Library">
<doc>Waits until element ``locator`` is visible.</doc>
<arguments>
<arg>xpath=${xpath}</arg>
<arg>${time_out}</arg>
<arg>${error_msg}</arg>
</arguments>
<status status="PASS" starttime="20180820 16:37:11.778" endtime="20180820 16:37:11.819"></status>
</kw>
<kw name="Click Element" library="Selenium2Library">
<doc>Click element identified by ``locator``.</doc>
<arguments>
<arg>xpath=${xpath}</arg>
</arguments>
<msg timestamp="20180820 16:37:11.820" level="INFO">Clicking element 'xpath=//*[text()='部门管理']'.</msg>
<status status="PASS" starttime="20180820 16:37:11.820" endtime="20180820 16:37:11.927"></status>
</kw>
<status status="PASS" starttime="20180820 16:37:11.720" endtime="20180820 16:37:11.927"></status>
</kw>
<kw name="Wait Until Element Is Visible" library="Selenium2Library">
<doc>Waits until element ``locator`` is visible.</doc>
<arguments>
<arg>${page_frame}</arg>
<arg>30</arg>
<arg>部门管理页面的frame还没进入吧</arg>
</arguments>
<status status="PASS" starttime="20180820 16:37:11.928" endtime="20180820 16:37:11.972"></status>
</kw>
<kw name="Select Frame" library="Selenium2Library">
<doc>Sets frame identified by ``locator`` as the current frame.</doc>
<arguments>
<arg>${page_frame}</arg>
</arguments>
<msg timestamp="20180820 16:37:11.973" level="INFO">Selecting frame 'xpath=//*[@scrolling="auto"]'.</msg>
<status status="PASS" starttime="20180820 16:37:11.973" endtime="20180820 16:37:12.019"></status>
</kw>
<kw name="Sleep" library="BuiltIn">
<doc>Pauses the test executed for the given time.</doc>
<arguments>
<arg>5</arg>
</arguments>
<msg timestamp="20180820 16:37:17.021" level="INFO">Slept 5 seconds</msg>
<status status="PASS" starttime="20180820 16:37:12.019" endtime="20180820 16:37:17.021"></status>
</kw>
<status status="PASS" starttime="20180820 16:37:06.719" endtime="20180820 16:37:17.021"></status>
</kw>
<kw name="验证部门管理页面元素" library="jibenxinxi_keywords">
<kw name="Wait Until Element Is Visible" library="Selenium2Library">
<doc>Waits until element ``locator`` is visible.</doc>
<arguments>
<arg>${新增部门}</arg>
<arg>30</arg>
<arg>部门管理页面的新增部门按钮没有定位到</arg>
</arguments>
<status status="PASS" starttime="20180820 16:37:17.022" endtime="20180820 16:37:17.984"></status>
</kw>
<kw name="Wait Until Element Is Enabled" library="Selenium2Library">
<doc>Waits until element ``locator`` is enabled.</doc>
<arguments>
<arg>${新增部门}</arg>
<arg>30</arg>
<arg>部门管理页面的新增部门按钮无法点击</arg>
</arguments>
<status status="PASS" starttime="20180820 16:37:17.984" endtime="20180820 16:37:18.016"></status>
</kw>
<kw name="Xpath Should Match X Times" library="Selenium2Library">
<doc>Deprecated, use `Page Should Contain Element` with ``limit`` argument instead.</doc>
<arguments>
<arg>${新增部门}</arg>
<arg>1</arg>
</arguments>
<msg timestamp="20180820 16:37:18.029" level="INFO">Current page contains 1 elements matching 'xpath://*[text()="新增部门"]'.</msg>
<status status="PASS" starttime="20180820 16:37:18.016" endtime="20180820 16:37:18.029"></status>
</kw>
<status status="PASS" starttime="20180820 16:37:17.022" endtime="20180820 16:37:18.029"></status>
</kw>
<kw name="Close Browser" library="Selenium2Library" type="teardown">
<doc>Closes the current browser.</doc>
<status status="PASS" starttime="20180820 16:37:18.029" endtime="20180820 16:37:21.078"></status>
</kw>
<doc>验证部门管理页面是有内容的</doc>
<status status="PASS" starttime="20180820 16:36:49.794" endtime="20180820 16:37:21.078" critical="yes"></status>
</test>
<test id="s1-t2" name="testcase2 人员信息维护">
<kw name="登录" library="Login_keywords" type="setup">
<kw name="Open Browser" library="Selenium2Library">
<doc>Opens a new browser instance to the given ``url``.</doc>
<arguments>
<arg>${url}</arg>
<arg>chrome</arg>
</arguments>
<msg timestamp="20180820 16:37:21.086" level="INFO">Opening browser 'chrome' to base url 'http://115.29.234.80:8110/'.</msg>
<status status="PASS" starttime="20180820 16:37:21.085" endtime="20180820 16:37:34.950"></status>
</kw>
<kw name="Maximize Browser Window" library="Selenium2Library">
<doc>Maximizes current browser window.</doc>
<status status="PASS" starttime="20180820 16:37:34.951" endtime="20180820 16:37:36.076"></status>
</kw>
<kw name="Input Text" library="Selenium2Library">
<doc>Types the given ``text`` into text field identified by ``locator``.</doc>
<arguments>
<arg>${login_user}</arg>
<arg>${username}</arg>
</arguments>
<msg timestamp="20180820 16:37:36.076" level="INFO">Typing text 'admin' into text field 'xpath=//*[@id="txtUserName"]'.</msg>
<status status="PASS" starttime="20180820 16:37:36.076" endtime="20180820 16:37:36.206"></status>
</kw>
<kw name="Input Password" library="Selenium2Library">
<doc>Types the given password into text field identified by ``locator``.</doc>
<arguments>
<arg>${login_pwd}</arg>
<arg>${password}</arg>
</arguments>
<msg timestamp="20180820 16:37:36.207" level="INFO">Typing password into text field 'xpath=//*[@id="txtPassword"]'.</msg>
<status status="PASS" starttime="20180820 16:37:36.206" endtime="20180820 16:37:36.317"></status>
</kw>
<kw name="Click Button" library="Selenium2Library">
<doc>Clicks button identified by ``locator``.</doc>
<arguments>
<arg>${login_submit}</arg>
</arguments>
<msg timestamp="20180820 16:37:36.318" level="INFO">Clicking button 'xpath=//*[@id="btnLogin"]'.</msg>
<status status="PASS" starttime="20180820 16:37:36.317" endtime="20180820 16:37:45.147"></status>
</kw>
<status status="PASS" starttime="20180820 16:37:21.084" endtime="20180820 16:37:45.147"></status>
</kw>
<kw name="展开所有菜单" library="jibenxinxi_keywords">
<doc>点击展开所有按钮功能</doc>
<kw name="Wait Until Element Is Visible" library="Selenium2Library">
<doc>Waits until element ``locator`` is visible.</doc>
<arguments>
<arg>${zhankai}</arg>
<arg>30</arg>
<arg>展开按钮没有显示</arg>
</arguments>
<status status="PASS" starttime="20180820 16:37:45.148" endtime="20180820 16:37:45.207"></status>
</kw>
<kw name="Wait Until Element Is Enabled" library="Selenium2Library">
<doc>Waits until element ``locator`` is enabled.</doc>
<arguments>
<arg>${zhankai}</arg>
</arguments>
<status status="PASS" starttime="20180820 16:37:45.207" endtime="20180820 16:37:45.246"></status>
</kw>
<kw name="Mouse Over" library="Selenium2Library">
<doc>Simulates hovering mouse over the element ``locator``.</doc>
<arguments>
<arg>${zhankai}</arg>
</arguments>
<msg timestamp="20180820 16:37:45.246" level="INFO">Simulating Mouse Over on element 'xpath=//*[@class="l-btn-text icon-expand"]'.</msg>
<status status="PASS" starttime="20180820 16:37:45.246" endtime="20180820 16:37:45.286"></status>
</kw>
<kw name="Get WebElements" library="Selenium2Library">
<doc>Returns list of WebElement objects matching the ``locator``.</doc>
<arguments>
<arg>${menu}</arg>
</arguments>
<assign>
<var>${count_open}</var>
</assign>
<msg timestamp="20180820 16:37:45.309" level="INFO">${count_open} = [&lt;selenium.webdriver.remote.webelement.WebElement (session="16bc6982fabb6b70adb5c9bc7b6bbaad", element="0.8320338013367838-2")&gt;, &lt;selenium.webdriver.remote.webelement.WebElement (session="16bc6982fabb...</msg>
<status status="PASS" starttime="20180820 16:37:45.286" endtime="20180820 16:37:45.309"></status>
</kw>
<kw name="Wait Until Element Is Visible" library="Selenium2Library">
<doc>Waits until element ``locator`` is visible.</doc>
<arguments>
<arg>${count_open[0]}</arg>
<arg>30</arg>
<arg>菜单没有及时展开</arg>
</arguments>
<status status="PASS" starttime="20180820 16:37:45.309" endtime="20180820 16:37:45.543"></status>
</kw>
<kw name="Click Element" library="Selenium2Library">
<doc>Click element identified by ``locator``.</doc>
<arguments>
<arg>${count_open[0]}</arg>
</arguments>
<msg timestamp="20180820 16:37:45.544" level="INFO">Clicking element '&lt;selenium.webdriver.remote.webelement.WebElement (session="16bc6982fabb6b70adb5c9bc7b6bbaad", element="0.8320338013367838-2")&gt;'.</msg>
<status status="PASS" starttime="20180820 16:37:45.544" endtime="20180820 16:37:45.617"></status>
</kw>
<status status="PASS" starttime="20180820 16:37:45.148" endtime="20180820 16:37:45.618"></status>
</kw>
<kw name="进入人员信息维护" library="jibenxinxi_keywords">
<doc>点击人员信息维护菜单，并且验证打开后的页面元素</doc>
<kw name="Sleep" library="BuiltIn">
<doc>Pauses the test executed for the given time.</doc>
<arguments>
<arg>10</arg>
</arguments>
<msg timestamp="20180820 16:37:55.620" level="INFO">Slept 10 seconds</msg>
<status status="PASS" starttime="20180820 16:37:45.619" endtime="20180820 16:37:55.620"></status>
</kw>
<kw name="element is visible and click" library="jibenxinxi_keywords">
<doc>自建Keyword，功能：页面元素显示，并且点击</doc>
<arguments>
<arg>${人员信息维护}</arg>
</arguments>
<kw name="Log" library="BuiltIn">
<doc>Logs the given message with the given level.</doc>
<arguments>
<arg>1</arg>
</arguments>
<msg timestamp="20180820 16:37:55.622" level="INFO">1</msg>
<status status="PASS" starttime="20180820 16:37:55.621" endtime="20180820 16:37:55.622"></status>
</kw>
<kw name="Wait Until Element Is Enabled" library="Selenium2Library">
<doc>Waits until element ``locator`` is enabled.</doc>
<arguments>
<arg>xpath=${xpath}</arg>
<arg>${time_out}</arg>
<arg>${error_msg}</arg>
</arguments>
<status status="PASS" starttime="20180820 16:37:55.622" endtime="20180820 16:37:55.677"></status>
</kw>
<kw name="Log" library="BuiltIn">
<doc>Logs the given message with the given level.</doc>
<arguments>
<arg>2</arg>
</arguments>
<msg timestamp="20180820 16:37:55.677" level="INFO">2</msg>
<status status="PASS" starttime="20180820 16:37:55.677" endtime="20180820 16:37:55.678"></status>
</kw>
<kw name="Wait Until Element Is Visible" library="Selenium2Library">
<doc>Waits until element ``locator`` is visible.</doc>
<arguments>
<arg>xpath=${xpath}</arg>
<arg>${time_out}</arg>
<arg>${error_msg}</arg>
</arguments>
<status status="PASS" starttime="20180820 16:37:55.678" endtime="20180820 16:37:55.712"></status>
</kw>
<kw name="Click Element" library="Selenium2Library">
<doc>Click element identified by ``locator``.</doc>
<arguments>
<arg>xpath=${xpath}</arg>
</arguments>
<msg timestamp="20180820 16:37:55.713" level="INFO">Clicking element 'xpath=//*[text()='人员信息维护']'.</msg>
<status status="PASS" starttime="20180820 16:37:55.713" endtime="20180820 16:37:55.809"></status>
</kw>
<status status="PASS" starttime="20180820 16:37:55.620" endtime="20180820 16:37:55.809"></status>
</kw>
<kw name="Wait Until Element Is Visible" library="Selenium2Library">
<doc>Waits until element ``locator`` is visible.</doc>
<arguments>
<arg>${page_frame}</arg>
<arg>60</arg>
<arg>人员信息维护页面的frame还没进入吧</arg>
</arguments>
<status status="PASS" starttime="20180820 16:37:55.810" endtime="20180820 16:37:55.852"></status>
</kw>
<kw name="Select Frame" library="Selenium2Library">
<doc>Sets frame identified by ``locator`` as the current frame.</doc>
<arguments>
<arg>${page_frame}</arg>
</arguments>
<msg timestamp="20180820 16:37:55.853" level="INFO">Selecting frame 'xpath=//*[@scrolling="auto"]'.</msg>
<status status="PASS" starttime="20180820 16:37:55.853" endtime="20180820 16:37:55.905"></status>
</kw>
<kw name="Sleep" library="BuiltIn">
<doc>Pauses the test executed for the given time.</doc>
<arguments>
<arg>5</arg>
</arguments>
<msg timestamp="20180820 16:38:00.906" level="INFO">Slept 5 seconds</msg>
<status status="PASS" starttime="20180820 16:37:55.906" endtime="20180820 16:38:00.906"></status>
</kw>
<status status="PASS" starttime="20180820 16:37:45.618" endtime="20180820 16:38:00.906"></status>
</kw>
<kw name="验证人员信息维护页面元素" library="jibenxinxi_keywords">
<kw name="Wait Until Element Is Visible" library="Selenium2Library">
<doc>Waits until element ``locator`` is visible.</doc>
<arguments>
<arg>${新增本部门人员}</arg>
<arg>30</arg>
<arg>人员信息维护页面验证字段没有显示</arg>
</arguments>
<status status="PASS" starttime="20180820 16:38:00.907" endtime="20180820 16:38:03.405"></status>
</kw>
<kw name="Xpath Should Match X Times" library="Selenium2Library">
<doc>Deprecated, use `Page Should Contain Element` with ``limit`` argument instead.</doc>
<arguments>
<arg>${新增本部门人员}</arg>
<arg>1</arg>
</arguments>
<msg timestamp="20180820 16:38:03.419" level="INFO">Current page contains 1 elements matching 'xpath://*[text()="新增本部门人员"]'.</msg>
<status status="PASS" starttime="20180820 16:38:03.406" endtime="20180820 16:38:03.419"></status>
</kw>
<status status="PASS" starttime="20180820 16:38:00.907" endtime="20180820 16:38:03.420"></status>
</kw>
<kw name="Close Browser" library="Selenium2Library" type="teardown">
<doc>Closes the current browser.</doc>
<status status="PASS" starttime="20180820 16:38:03.420" endtime="20180820 16:38:06.512"></status>
</kw>
<doc>验证人员信息维护页面是有内容的</doc>
<status status="PASS" starttime="20180820 16:37:21.080" endtime="20180820 16:38:06.512" critical="yes"></status>
</test>
<test id="s1-t3" name="testcase3 个人信息维护">
<kw name="登录" library="Login_keywords" type="setup">
<kw name="Open Browser" library="Selenium2Library">
<doc>Opens a new browser instance to the given ``url``.</doc>
<arguments>
<arg>${url}</arg>
<arg>chrome</arg>
</arguments>
<msg timestamp="20180820 16:38:06.519" level="INFO">Opening browser 'chrome' to base url 'http://115.29.234.80:8110/'.</msg>
<status status="PASS" starttime="20180820 16:38:06.518" endtime="20180820 16:38:14.931"></status>
</kw>
<kw name="Maximize Browser Window" library="Selenium2Library">
<doc>Maximizes current browser window.</doc>
<status status="PASS" starttime="20180820 16:38:14.931" endtime="20180820 16:38:16.052"></status>
</kw>
<kw name="Input Text" library="Selenium2Library">
<doc>Types the given ``text`` into text field identified by ``locator``.</doc>
<arguments>
<arg>${login_user}</arg>
<arg>${username}</arg>
</arguments>
<msg timestamp="20180820 16:38:16.053" level="INFO">Typing text 'admin' into text field 'xpath=//*[@id="txtUserName"]'.</msg>
<status status="PASS" starttime="20180820 16:38:16.052" endtime="20180820 16:38:16.181"></status>
</kw>
<kw name="Input Password" library="Selenium2Library">
<doc>Types the given password into text field identified by ``locator``.</doc>
<arguments>
<arg>${login_pwd}</arg>
<arg>${password}</arg>
</arguments>
<msg timestamp="20180820 16:38:16.182" level="INFO">Typing password into text field 'xpath=//*[@id="txtPassword"]'.</msg>
<status status="PASS" starttime="20180820 16:38:16.182" endtime="20180820 16:38:16.294"></status>
</kw>
<kw name="Click Button" library="Selenium2Library">
<doc>Clicks button identified by ``locator``.</doc>
<arguments>
<arg>${login_submit}</arg>
</arguments>
<msg timestamp="20180820 16:38:16.295" level="INFO">Clicking button 'xpath=//*[@id="btnLogin"]'.</msg>
<status status="PASS" starttime="20180820 16:38:16.295" endtime="20180820 16:38:32.546"></status>
</kw>
<status status="PASS" starttime="20180820 16:38:06.517" endtime="20180820 16:38:32.546"></status>
</kw>
<kw name="展开所有菜单" library="jibenxinxi_keywords">
<doc>点击展开所有按钮功能</doc>
<kw name="Wait Until Element Is Visible" library="Selenium2Library">
<doc>Waits until element ``locator`` is visible.</doc>
<arguments>
<arg>${zhankai}</arg>
<arg>30</arg>
<arg>展开按钮没有显示</arg>
</arguments>
<status status="PASS" starttime="20180820 16:38:32.547" endtime="20180820 16:38:32.597"></status>
</kw>
<kw name="Wait Until Element Is Enabled" library="Selenium2Library">
<doc>Waits until element ``locator`` is enabled.</doc>
<arguments>
<arg>${zhankai}</arg>
</arguments>
<status status="PASS" starttime="20180820 16:38:32.597" endtime="20180820 16:38:32.631"></status>
</kw>
<kw name="Mouse Over" library="Selenium2Library">
<doc>Simulates hovering mouse over the element ``locator``.</doc>
<arguments>
<arg>${zhankai}</arg>
</arguments>
<msg timestamp="20180820 16:38:32.632" level="INFO">Simulating Mouse Over on element 'xpath=//*[@class="l-btn-text icon-expand"]'.</msg>
<status status="PASS" starttime="20180820 16:38:32.631" endtime="20180820 16:38:32.668"></status>
</kw>
<kw name="Get WebElements" library="Selenium2Library">
<doc>Returns list of WebElement objects matching the ``locator``.</doc>
<arguments>
<arg>${menu}</arg>
</arguments>
<assign>
<var>${count_open}</var>
</assign>
<msg timestamp="20180820 16:38:32.691" level="INFO">${count_open} = [&lt;selenium.webdriver.remote.webelement.WebElement (session="b2414ef5ea0fcbc8d8080d6e47c0269f", element="0.26685061370357666-2")&gt;, &lt;selenium.webdriver.remote.webelement.WebElement (session="b2414ef5ea0...</msg>
<status status="PASS" starttime="20180820 16:38:32.669" endtime="20180820 16:38:32.691"></status>
</kw>
<kw name="Wait Until Element Is Visible" library="Selenium2Library">
<doc>Waits until element ``locator`` is visible.</doc>
<arguments>
<arg>${count_open[0]}</arg>
<arg>30</arg>
<arg>菜单没有及时展开</arg>
</arguments>
<status status="PASS" starttime="20180820 16:38:32.692" endtime="20180820 16:38:32.926"></status>
</kw>
<kw name="Click Element" library="Selenium2Library">
<doc>Click element identified by ``locator``.</doc>
<arguments>
<arg>${count_open[0]}</arg>
</arguments>
<msg timestamp="20180820 16:38:32.927" level="INFO">Clicking element '&lt;selenium.webdriver.remote.webelement.WebElement (session="b2414ef5ea0fcbc8d8080d6e47c0269f", element="0.26685061370357666-2")&gt;'.</msg>
<status status="PASS" starttime="20180820 16:38:32.926" endtime="20180820 16:38:33.002"></status>
</kw>
<status status="PASS" starttime="20180820 16:38:32.547" endtime="20180820 16:38:33.002"></status>
</kw>
<kw name="进入个人信息维护" library="jibenxinxi_keywords">
<doc>点击个人信息维护菜单，并且验证打开后的页面元素</doc>
<kw name="Sleep" library="BuiltIn">
<doc>Pauses the test executed for the given time.</doc>
<arguments>
<arg>10</arg>
</arguments>
<msg timestamp="20180820 16:38:43.005" level="INFO">Slept 10 seconds</msg>
<status status="PASS" starttime="20180820 16:38:33.003" endtime="20180820 16:38:43.005"></status>
</kw>
<kw name="element is visible and click" library="jibenxinxi_keywords">
<doc>自建Keyword，功能：页面元素显示，并且点击</doc>
<arguments>
<arg>${个人信息维护}</arg>
</arguments>
<kw name="Log" library="BuiltIn">
<doc>Logs the given message with the given level.</doc>
<arguments>
<arg>1</arg>
</arguments>
<msg timestamp="20180820 16:38:43.007" level="INFO">1</msg>
<status status="PASS" starttime="20180820 16:38:43.006" endtime="20180820 16:38:43.007"></status>
</kw>
<kw name="Wait Until Element Is Enabled" library="Selenium2Library">
<doc>Waits until element ``locator`` is enabled.</doc>
<arguments>
<arg>xpath=${xpath}</arg>
<arg>${time_out}</arg>
<arg>${error_msg}</arg>
</arguments>
<status status="PASS" starttime="20180820 16:38:43.008" endtime="20180820 16:38:43.063"></status>
</kw>
<kw name="Log" library="BuiltIn">
<doc>Logs the given message with the given level.</doc>
<arguments>
<arg>2</arg>
</arguments>
<msg timestamp="20180820 16:38:43.064" level="INFO">2</msg>
<status status="PASS" starttime="20180820 16:38:43.064" endtime="20180820 16:38:43.064"></status>
</kw>
<kw name="Wait Until Element Is Visible" library="Selenium2Library">
<doc>Waits until element ``locator`` is visible.</doc>
<arguments>
<arg>xpath=${xpath}</arg>
<arg>${time_out}</arg>
<arg>${error_msg}</arg>
</arguments>
<status status="PASS" starttime="20180820 16:38:43.064" endtime="20180820 16:38:43.099"></status>
</kw>
<kw name="Click Element" library="Selenium2Library">
<doc>Click element identified by ``locator``.</doc>
<arguments>
<arg>xpath=${xpath}</arg>
</arguments>
<msg timestamp="20180820 16:38:43.100" level="INFO">Clicking element 'xpath=//*[text()='个人信息维护']'.</msg>
<status status="PASS" starttime="20180820 16:38:43.099" endtime="20180820 16:38:43.202"></status>
</kw>
<status status="PASS" starttime="20180820 16:38:43.005" endtime="20180820 16:38:43.202"></status>
</kw>
<kw name="Wait Until Element Is Visible" library="Selenium2Library">
<doc>Waits until element ``locator`` is visible.</doc>
<arguments>
<arg>${page_frame}</arg>
<arg>60</arg>
<arg>个人信息维护页面的frame还没进入吧</arg>
</arguments>
<status status="PASS" starttime="20180820 16:38:43.202" endtime="20180820 16:38:43.251"></status>
</kw>
<kw name="Select Frame" library="Selenium2Library">
<doc>Sets frame identified by ``locator`` as the current frame.</doc>
<arguments>
<arg>${page_frame}</arg>
</arguments>
<msg timestamp="20180820 16:38:43.252" level="INFO">Selecting frame 'xpath=//*[@scrolling="auto"]'.</msg>
<status status="PASS" starttime="20180820 16:38:43.251" endtime="20180820 16:38:43.298"></status>
</kw>
<kw name="Sleep" library="BuiltIn">
<doc>Pauses the test executed for the given time.</doc>
<arguments>
<arg>5</arg>
</arguments>
<msg timestamp="20180820 16:38:48.299" level="INFO">Slept 5 seconds</msg>
<status status="PASS" starttime="20180820 16:38:43.299" endtime="20180820 16:38:48.299"></status>
</kw>
<status status="PASS" starttime="20180820 16:38:33.003" endtime="20180820 16:38:48.299"></status>
</kw>
<kw name="验证个人信息维护页面元素" library="jibenxinxi_keywords">
<kw name="Sleep" library="BuiltIn">
<doc>Pauses the test executed for the given time.</doc>
<arguments>
<arg>10</arg>
</arguments>
<msg timestamp="20180820 16:38:58.300" level="INFO">Slept 10 seconds</msg>
<status status="PASS" starttime="20180820 16:38:48.300" endtime="20180820 16:38:58.300"></status>
</kw>
<kw name="Wait Until Page Contains Element" library="Selenium2Library">
<doc>Waits until element ``locator`` appears on current page.</doc>
<arguments>
<arg>${部门}</arg>
<arg>60</arg>
<arg>个人信息维护页面验证字段(部门)没有显示</arg>
</arguments>
<status status="PASS" starttime="20180820 16:38:58.300" endtime="20180820 16:38:58.330"></status>
</kw>
<kw name="Get Value" library="Selenium2Library">
<doc>Returns the value attribute of element identified by ``locator``.</doc>
<arguments>
<arg>${部门}</arg>
</arguments>
<assign>
<var>${bumen_value}</var>
</assign>
<msg timestamp="20180820 16:38:58.351" level="INFO">${bumen_value} = 中国铁路南宁局集团有限公司</msg>
<status status="PASS" starttime="20180820 16:38:58.330" endtime="20180820 16:38:58.351"></status>
</kw>
<kw name="Should Be Equal" library="BuiltIn">
<doc>Fails if the given objects are unequal.</doc>
<arguments>
<arg>${bumen_value}</arg>
<arg>中国铁路南宁局集团有限公司</arg>
</arguments>
<status status="PASS" starttime="20180820 16:38:58.352" endtime="20180820 16:38:58.352"></status>
</kw>
<status status="PASS" starttime="20180820 16:38:48.300" endtime="20180820 16:38:58.353"></status>
</kw>
<kw name="Close Browser" library="Selenium2Library" type="teardown">
<doc>Closes the current browser.</doc>
<status status="PASS" starttime="20180820 16:38:58.353" endtime="20180820 16:39:01.414"></status>
</kw>
<doc>验证人员信息维护页面是有内容的</doc>
<status status="PASS" starttime="20180820 16:38:06.513" endtime="20180820 16:39:01.414" critical="yes"></status>
</test>
<test id="s1-t4" name="testcase4 线路管理">
<kw name="登录" library="Login_keywords" type="setup">
<kw name="Open Browser" library="Selenium2Library">
<doc>Opens a new browser instance to the given ``url``.</doc>
<arguments>
<arg>${url}</arg>
<arg>chrome</arg>
</arguments>
<msg timestamp="20180820 16:39:01.420" level="INFO">Opening browser 'chrome' to base url 'http://115.29.234.80:8110/'.</msg>
<status status="PASS" starttime="20180820 16:39:01.420" endtime="20180820 16:39:09.463"></status>
</kw>
<kw name="Maximize Browser Window" library="Selenium2Library">
<doc>Maximizes current browser window.</doc>
<status status="PASS" starttime="20180820 16:39:09.463" endtime="20180820 16:39:10.584"></status>
</kw>
<kw name="Input Text" library="Selenium2Library">
<doc>Types the given ``text`` into text field identified by ``locator``.</doc>
<arguments>
<arg>${login_user}</arg>
<arg>${username}</arg>
</arguments>
<msg timestamp="20180820 16:39:10.585" level="INFO">Typing text 'admin' into text field 'xpath=//*[@id="txtUserName"]'.</msg>
<status status="PASS" starttime="20180820 16:39:10.584" endtime="20180820 16:39:10.710"></status>
</kw>
<kw name="Input Password" library="Selenium2Library">
<doc>Types the given password into text field identified by ``locator``.</doc>
<arguments>
<arg>${login_pwd}</arg>
<arg>${password}</arg>
</arguments>
<msg timestamp="20180820 16:39:10.711" level="INFO">Typing password into text field 'xpath=//*[@id="txtPassword"]'.</msg>
<status status="PASS" starttime="20180820 16:39:10.710" endtime="20180820 16:39:10.826"></status>
</kw>
<kw name="Click Button" library="Selenium2Library">
<doc>Clicks button identified by ``locator``.</doc>
<arguments>
<arg>${login_submit}</arg>
</arguments>
<msg timestamp="20180820 16:39:10.827" level="INFO">Clicking button 'xpath=//*[@id="btnLogin"]'.</msg>
<status status="PASS" starttime="20180820 16:39:10.827" endtime="20180820 16:39:17.494"></status>
</kw>
<status status="PASS" starttime="20180820 16:39:01.419" endtime="20180820 16:39:17.495"></status>
</kw>
<kw name="展开所有菜单" library="jibenxinxi_keywords">
<doc>点击展开所有按钮功能</doc>
<kw name="Wait Until Element Is Visible" library="Selenium2Library">
<doc>Waits until element ``locator`` is visible.</doc>
<arguments>
<arg>${zhankai}</arg>
<arg>30</arg>
<arg>展开按钮没有显示</arg>
</arguments>
<status status="PASS" starttime="20180820 16:39:17.496" endtime="20180820 16:39:17.555"></status>
</kw>
<kw name="Wait Until Element Is Enabled" library="Selenium2Library">
<doc>Waits until element ``locator`` is enabled.</doc>
<arguments>
<arg>${zhankai}</arg>
</arguments>
<status status="PASS" starttime="20180820 16:39:17.555" endtime="20180820 16:39:17.590"></status>
</kw>
<kw name="Mouse Over" library="Selenium2Library">
<doc>Simulates hovering mouse over the element ``locator``.</doc>
<arguments>
<arg>${zhankai}</arg>
</arguments>
<msg timestamp="20180820 16:39:17.590" level="INFO">Simulating Mouse Over on element 'xpath=//*[@class="l-btn-text icon-expand"]'.</msg>
<status status="PASS" starttime="20180820 16:39:17.590" endtime="20180820 16:39:17.627"></status>
</kw>
<kw name="Get WebElements" library="Selenium2Library">
<doc>Returns list of WebElement objects matching the ``locator``.</doc>
<arguments>
<arg>${menu}</arg>
</arguments>
<assign>
<var>${count_open}</var>
</assign>
<msg timestamp="20180820 16:39:17.649" level="INFO">${count_open} = [&lt;selenium.webdriver.remote.webelement.WebElement (session="564edce5ada71622f110d8b2c7a67699", element="0.940429416269633-2")&gt;, &lt;selenium.webdriver.remote.webelement.WebElement (session="564edce5ada71...</msg>
<status status="PASS" starttime="20180820 16:39:17.628" endtime="20180820 16:39:17.649"></status>
</kw>
<kw name="Wait Until Element Is Visible" library="Selenium2Library">
<doc>Waits until element ``locator`` is visible.</doc>
<arguments>
<arg>${count_open[0]}</arg>
<arg>30</arg>
<arg>菜单没有及时展开</arg>
</arguments>
<status status="PASS" starttime="20180820 16:39:17.649" endtime="20180820 16:39:17.883"></status>
</kw>
<kw name="Click Element" library="Selenium2Library">
<doc>Click element identified by ``locator``.</doc>
<arguments>
<arg>${count_open[0]}</arg>
</arguments>
<msg timestamp="20180820 16:39:17.884" level="INFO">Clicking element '&lt;selenium.webdriver.remote.webelement.WebElement (session="564edce5ada71622f110d8b2c7a67699", element="0.940429416269633-2")&gt;'.</msg>
<status status="PASS" starttime="20180820 16:39:17.884" endtime="20180820 16:39:17.958"></status>
</kw>
<status status="PASS" starttime="20180820 16:39:17.495" endtime="20180820 16:39:17.958"></status>
</kw>
<kw name="进入线路管理菜单页面" library="jibenxinxi_keywords">
<doc>进入线路管理菜单，并且验证打开后的页面元素</doc>
<kw name="Sleep" library="BuiltIn">
<doc>Pauses the test executed for the given time.</doc>
<arguments>
<arg>10</arg>
</arguments>
<msg timestamp="20180820 16:39:27.959" level="INFO">Slept 10 seconds</msg>
<status status="PASS" starttime="20180820 16:39:17.959" endtime="20180820 16:39:27.959"></status>
</kw>
<kw name="element is visible and click" library="jibenxinxi_keywords">
<doc>自建Keyword，功能：页面元素显示，并且点击</doc>
<arguments>
<arg>${线路管理}</arg>
<arg>60</arg>
<arg>线路管理页面无法点击</arg>
</arguments>
<kw name="Log" library="BuiltIn">
<doc>Logs the given message with the given level.</doc>
<arguments>
<arg>1</arg>
</arguments>
<msg timestamp="20180820 16:39:27.961" level="INFO">1</msg>
<status status="PASS" starttime="20180820 16:39:27.960" endtime="20180820 16:39:27.961"></status>
</kw>
<kw name="Wait Until Element Is Enabled" library="Selenium2Library">
<doc>Waits until element ``locator`` is enabled.</doc>
<arguments>
<arg>xpath=${xpath}</arg>
<arg>${time_out}</arg>
<arg>${error_msg}</arg>
</arguments>
<status status="PASS" starttime="20180820 16:39:27.961" endtime="20180820 16:39:28.016"></status>
</kw>
<kw name="Log" library="BuiltIn">
<doc>Logs the given message with the given level.</doc>
<arguments>
<arg>2</arg>
</arguments>
<msg timestamp="20180820 16:39:28.016" level="INFO">2</msg>
<status status="PASS" starttime="20180820 16:39:28.016" endtime="20180820 16:39:28.016"></status>
</kw>
<kw name="Wait Until Element Is Visible" library="Selenium2Library">
<doc>Waits until element ``locator`` is visible.</doc>
<arguments>
<arg>xpath=${xpath}</arg>
<arg>${time_out}</arg>
<arg>${error_msg}</arg>
</arguments>
<status status="PASS" starttime="20180820 16:39:28.017" endtime="20180820 16:39:28.051"></status>
</kw>
<kw name="Click Element" library="Selenium2Library">
<doc>Click element identified by ``locator``.</doc>
<arguments>
<arg>xpath=${xpath}</arg>
</arguments>
<msg timestamp="20180820 16:39:28.051" level="INFO">Clicking element 'xpath=//*[text()='线路管理']'.</msg>
<status status="PASS" starttime="20180820 16:39:28.051" endtime="20180820 16:39:28.154"></status>
</kw>
<status status="PASS" starttime="20180820 16:39:27.959" endtime="20180820 16:39:28.154"></status>
</kw>
<kw name="Wait Until Element Is Visible" library="Selenium2Library">
<doc>Waits until element ``locator`` is visible.</doc>
<arguments>
<arg>${page_frame}</arg>
<arg>60</arg>
<arg>线路管理页面的frame还没进入吧</arg>
</arguments>
<status status="PASS" starttime="20180820 16:39:28.155" endtime="20180820 16:39:28.198"></status>
</kw>
<kw name="Select Frame" library="Selenium2Library">
<doc>Sets frame identified by ``locator`` as the current frame.</doc>
<arguments>
<arg>${page_frame}</arg>
</arguments>
<msg timestamp="20180820 16:39:28.199" level="INFO">Selecting frame 'xpath=//*[@scrolling="auto"]'.</msg>
<status status="PASS" starttime="20180820 16:39:28.199" endtime="20180820 16:39:28.251"></status>
</kw>
<kw name="Sleep" library="BuiltIn">
<doc>Pauses the test executed for the given time.</doc>
<arguments>
<arg>5</arg>
</arguments>
<msg timestamp="20180820 16:39:33.252" level="INFO">Slept 5 seconds</msg>
<status status="PASS" starttime="20180820 16:39:28.251" endtime="20180820 16:39:33.252"></status>
</kw>
<status status="PASS" starttime="20180820 16:39:17.958" endtime="20180820 16:39:33.252"></status>
</kw>
<kw name="验证线路管理页面元素" library="jibenxinxi_keywords">
<kw name="Sleep" library="BuiltIn">
<doc>Pauses the test executed for the given time.</doc>
<arguments>
<arg>10</arg>
</arguments>
<msg timestamp="20180820 16:39:43.255" level="INFO">Slept 10 seconds</msg>
<status status="PASS" starttime="20180820 16:39:33.253" endtime="20180820 16:39:43.255"></status>
</kw>
<kw name="Wait Until Page Contains Element" library="Selenium2Library">
<doc>Waits until element ``locator`` appears on current page.</doc>
<arguments>
<arg>${新增线路}</arg>
<arg>60</arg>
<arg>线路管理页面验证字段(新增线路)没有显示</arg>
</arguments>
<status status="PASS" starttime="20180820 16:39:43.255" endtime="20180820 16:39:43.289"></status>
</kw>
<kw name="Xpath Should Match X Times" library="Selenium2Library">
<doc>Deprecated, use `Page Should Contain Element` with ``limit`` argument instead.</doc>
<arguments>
<arg>${新增线路}</arg>
<arg>1</arg>
</arguments>
<msg timestamp="20180820 16:39:43.304" level="INFO">Current page contains 1 elements matching 'xpath://*[text()='新增线路']'.</msg>
<status status="PASS" starttime="20180820 16:39:43.289" endtime="20180820 16:39:43.304"></status>
</kw>
<status status="PASS" starttime="20180820 16:39:33.253" endtime="20180820 16:39:43.305"></status>
</kw>
<kw name="Close Browser" library="Selenium2Library" type="teardown">
<doc>Closes the current browser.</doc>
<status status="PASS" starttime="20180820 16:39:43.305" endtime="20180820 16:39:46.368"></status>
</kw>
<doc>验证线路管理页面是有内容的</doc>
<status status="PASS" starttime="20180820 16:39:01.415" endtime="20180820 16:39:46.368" critical="yes"></status>
</test>
<test id="s1-t5" name="testcase5 车站及管辖维护">
<kw name="登录" library="Login_keywords" type="setup">
<kw name="Open Browser" library="Selenium2Library">
<doc>Opens a new browser instance to the given ``url``.</doc>
<arguments>
<arg>${url}</arg>
<arg>chrome</arg>
</arguments>
<msg timestamp="20180820 16:39:46.375" level="INFO">Opening browser 'chrome' to base url 'http://115.29.234.80:8110/'.</msg>
<status status="PASS" starttime="20180820 16:39:46.375" endtime="20180820 16:39:54.921"></status>
</kw>
<kw name="Maximize Browser Window" library="Selenium2Library">
<doc>Maximizes current browser window.</doc>
<status status="PASS" starttime="20180820 16:39:54.921" endtime="20180820 16:39:56.042"></status>
</kw>
<kw name="Input Text" library="Selenium2Library">
<doc>Types the given ``text`` into text field identified by ``locator``.</doc>
<arguments>
<arg>${login_user}</arg>
<arg>${username}</arg>
</arguments>
<msg timestamp="20180820 16:39:56.042" level="INFO">Typing text 'admin' into text field 'xpath=//*[@id="txtUserName"]'.</msg>
<status status="PASS" starttime="20180820 16:39:56.042" endtime="20180820 16:39:56.172"></status>
</kw>
<kw name="Input Password" library="Selenium2Library">
<doc>Types the given password into text field identified by ``locator``.</doc>
<arguments>
<arg>${login_pwd}</arg>
<arg>${password}</arg>
</arguments>
<msg timestamp="20180820 16:39:56.173" level="INFO">Typing password into text field 'xpath=//*[@id="txtPassword"]'.</msg>
<status status="PASS" starttime="20180820 16:39:56.172" endtime="20180820 16:39:56.283"></status>
</kw>
<kw name="Click Button" library="Selenium2Library">
<doc>Clicks button identified by ``locator``.</doc>
<arguments>
<arg>${login_submit}</arg>
</arguments>
<msg timestamp="20180820 16:39:56.284" level="INFO">Clicking button 'xpath=//*[@id="btnLogin"]'.</msg>
<status status="PASS" starttime="20180820 16:39:56.283" endtime="20180820 16:40:05.399"></status>
</kw>
<status status="PASS" starttime="20180820 16:39:46.374" endtime="20180820 16:40:05.399"></status>
</kw>
<kw name="展开所有菜单" library="jibenxinxi_keywords">
<doc>点击展开所有按钮功能</doc>
<kw name="Wait Until Element Is Visible" library="Selenium2Library">
<doc>Waits until element ``locator`` is visible.</doc>
<arguments>
<arg>${zhankai}</arg>
<arg>30</arg>
<arg>展开按钮没有显示</arg>
</arguments>
<status status="PASS" starttime="20180820 16:40:05.400" endtime="20180820 16:40:05.462"></status>
</kw>
<kw name="Wait Until Element Is Enabled" library="Selenium2Library">
<doc>Waits until element ``locator`` is enabled.</doc>
<arguments>
<arg>${zhankai}</arg>
</arguments>
<status status="PASS" starttime="20180820 16:40:05.462" endtime="20180820 16:40:05.493"></status>
</kw>
<kw name="Mouse Over" library="Selenium2Library">
<doc>Simulates hovering mouse over the element ``locator``.</doc>
<arguments>
<arg>${zhankai}</arg>
</arguments>
<msg timestamp="20180820 16:40:05.494" level="INFO">Simulating Mouse Over on element 'xpath=//*[@class="l-btn-text icon-expand"]'.</msg>
<status status="PASS" starttime="20180820 16:40:05.494" endtime="20180820 16:40:05.530"></status>
</kw>
<kw name="Get WebElements" library="Selenium2Library">
<doc>Returns list of WebElement objects matching the ``locator``.</doc>
<arguments>
<arg>${menu}</arg>
</arguments>
<assign>
<var>${count_open}</var>
</assign>
<msg timestamp="20180820 16:40:05.553" level="INFO">${count_open} = [&lt;selenium.webdriver.remote.webelement.WebElement (session="4b293579d0752a3083a20bc6c924c2ef", element="0.4178923892871711-2")&gt;, &lt;selenium.webdriver.remote.webelement.WebElement (session="4b293579d075...</msg>
<status status="PASS" starttime="20180820 16:40:05.530" endtime="20180820 16:40:05.553"></status>
</kw>
<kw name="Wait Until Element Is Visible" library="Selenium2Library">
<doc>Waits until element ``locator`` is visible.</doc>
<arguments>
<arg>${count_open[0]}</arg>
<arg>30</arg>
<arg>菜单没有及时展开</arg>
</arguments>
<status status="PASS" starttime="20180820 16:40:05.553" endtime="20180820 16:40:05.787"></status>
</kw>
<kw name="Click Element" library="Selenium2Library">
<doc>Click element identified by ``locator``.</doc>
<arguments>
<arg>${count_open[0]}</arg>
</arguments>
<msg timestamp="20180820 16:40:05.788" level="INFO">Clicking element '&lt;selenium.webdriver.remote.webelement.WebElement (session="4b293579d0752a3083a20bc6c924c2ef", element="0.4178923892871711-2")&gt;'.</msg>
<status status="PASS" starttime="20180820 16:40:05.788" endtime="20180820 16:40:05.875"></status>
</kw>
<status status="PASS" starttime="20180820 16:40:05.399" endtime="20180820 16:40:05.875"></status>
</kw>
<kw name="进入车站及管辖维护菜单页面" library="jibenxinxi_keywords">
<doc>进入车站及管辖维护菜单，并且验证打开后的页面元素</doc>
<kw name="Sleep" library="BuiltIn">
<doc>Pauses the test executed for the given time.</doc>
<arguments>
<arg>10</arg>
</arguments>
<msg timestamp="20180820 16:40:15.877" level="INFO">Slept 10 seconds</msg>
<status status="PASS" starttime="20180820 16:40:05.876" endtime="20180820 16:40:15.877"></status>
</kw>
<kw name="element is visible and click" library="jibenxinxi_keywords">
<doc>自建Keyword，功能：页面元素显示，并且点击</doc>
<arguments>
<arg>${车站及管辖维护}</arg>
<arg>60</arg>
<arg>车站及管辖维护页面无法点击</arg>
</arguments>
<kw name="Log" library="BuiltIn">
<doc>Logs the given message with the given level.</doc>
<arguments>
<arg>1</arg>
</arguments>
<msg timestamp="20180820 16:40:15.879" level="INFO">1</msg>
<status status="PASS" starttime="20180820 16:40:15.878" endtime="20180820 16:40:15.879"></status>
</kw>
<kw name="Wait Until Element Is Enabled" library="Selenium2Library">
<doc>Waits until element ``locator`` is enabled.</doc>
<arguments>
<arg>xpath=${xpath}</arg>
<arg>${time_out}</arg>
<arg>${error_msg}</arg>
</arguments>
<status status="PASS" starttime="20180820 16:40:15.879" endtime="20180820 16:40:15.932"></status>
</kw>
<kw name="Log" library="BuiltIn">
<doc>Logs the given message with the given level.</doc>
<arguments>
<arg>2</arg>
</arguments>
<msg timestamp="20180820 16:40:15.932" level="INFO">2</msg>
<status status="PASS" starttime="20180820 16:40:15.932" endtime="20180820 16:40:15.933"></status>
</kw>
<kw name="Wait Until Element Is Visible" library="Selenium2Library">
<doc>Waits until element ``locator`` is visible.</doc>
<arguments>
<arg>xpath=${xpath}</arg>
<arg>${time_out}</arg>
<arg>${error_msg}</arg>
</arguments>
<status status="PASS" starttime="20180820 16:40:15.933" endtime="20180820 16:40:15.967"></status>
</kw>
<kw name="Click Element" library="Selenium2Library">
<doc>Click element identified by ``locator``.</doc>
<arguments>
<arg>xpath=${xpath}</arg>
</arguments>
<msg timestamp="20180820 16:40:15.968" level="INFO">Clicking element 'xpath=//*[text()='车站及管辖维护']'.</msg>
<status status="PASS" starttime="20180820 16:40:15.967" endtime="20180820 16:40:16.064"></status>
</kw>
<status status="PASS" starttime="20180820 16:40:15.877" endtime="20180820 16:40:16.065"></status>
</kw>
<kw name="Wait Until Element Is Visible" library="Selenium2Library">
<doc>Waits until element ``locator`` is visible.</doc>
<arguments>
<arg>${page_frame}</arg>
<arg>60</arg>
<arg>车站及管辖维护页面的frame还没进入吧</arg>
</arguments>
<status status="PASS" starttime="20180820 16:40:16.065" endtime="20180820 16:40:16.109"></status>
</kw>
<kw name="Select Frame" library="Selenium2Library">
<doc>Sets frame identified by ``locator`` as the current frame.</doc>
<arguments>
<arg>${page_frame}</arg>
</arguments>
<msg timestamp="20180820 16:40:16.110" level="INFO">Selecting frame 'xpath=//*[@scrolling="auto"]'.</msg>
<status status="PASS" starttime="20180820 16:40:16.110" endtime="20180820 16:40:16.159"></status>
</kw>
<kw name="Sleep" library="BuiltIn">
<doc>Pauses the test executed for the given time.</doc>
<arguments>
<arg>5</arg>
</arguments>
<msg timestamp="20180820 16:40:21.160" level="INFO">Slept 5 seconds</msg>
<status status="PASS" starttime="20180820 16:40:16.160" endtime="20180820 16:40:21.160"></status>
</kw>
<status status="PASS" starttime="20180820 16:40:05.875" endtime="20180820 16:40:21.160"></status>
</kw>
<kw name="验证车站及管辖维护页面元素" library="jibenxinxi_keywords">
<kw name="Sleep" library="BuiltIn">
<doc>Pauses the test executed for the given time.</doc>
<arguments>
<arg>10</arg>
</arguments>
<msg timestamp="20180820 16:40:31.163" level="INFO">Slept 10 seconds</msg>
<status status="PASS" starttime="20180820 16:40:21.162" endtime="20180820 16:40:31.163"></status>
</kw>
<kw name="Wait Until Page Contains Element" library="Selenium2Library">
<doc>Waits until element ``locator`` appears on current page.</doc>
<arguments>
<arg>${新增车站}</arg>
<arg>60</arg>
<arg>车站及管辖维护页面验证字段(新增线路)没有显示</arg>
</arguments>
<status status="PASS" starttime="20180820 16:40:31.163" endtime="20180820 16:40:31.203"></status>
</kw>
<kw name="Xpath Should Match X Times" library="Selenium2Library">
<doc>Deprecated, use `Page Should Contain Element` with ``limit`` argument instead.</doc>
<arguments>
<arg>${新增车站}</arg>
<arg>1</arg>
</arguments>
<msg timestamp="20180820 16:40:31.222" level="INFO">Current page contains 1 elements matching 'xpath://*[text()='新增车站']'.</msg>
<status status="PASS" starttime="20180820 16:40:31.203" endtime="20180820 16:40:31.222"></status>
</kw>
<status status="PASS" starttime="20180820 16:40:21.161" endtime="20180820 16:40:31.222"></status>
</kw>
<kw name="Close Browser" library="Selenium2Library" type="teardown">
<doc>Closes the current browser.</doc>
<status status="PASS" starttime="20180820 16:40:31.223" endtime="20180820 16:40:34.270"></status>
</kw>
<doc>验证车站及管辖维护页面是有内容的</doc>
<status status="PASS" starttime="20180820 16:39:46.369" endtime="20180820 16:40:34.270" critical="yes"></status>
</test>
<test id="s1-t6" name="testcase6 人员调动审批">
<kw name="登录" library="Login_keywords" type="setup">
<kw name="Open Browser" library="Selenium2Library">
<doc>Opens a new browser instance to the given ``url``.</doc>
<arguments>
<arg>${url}</arg>
<arg>chrome</arg>
</arguments>
<msg timestamp="20180820 16:40:34.277" level="INFO">Opening browser 'chrome' to base url 'http://115.29.234.80:8110/'.</msg>
<status status="PASS" starttime="20180820 16:40:34.276" endtime="20180820 16:40:51.167"></status>
</kw>
<kw name="Maximize Browser Window" library="Selenium2Library">
<doc>Maximizes current browser window.</doc>
<status status="PASS" starttime="20180820 16:40:51.167" endtime="20180820 16:40:52.289"></status>
</kw>
<kw name="Input Text" library="Selenium2Library">
<doc>Types the given ``text`` into text field identified by ``locator``.</doc>
<arguments>
<arg>${login_user}</arg>
<arg>${username}</arg>
</arguments>
<msg timestamp="20180820 16:40:52.289" level="INFO">Typing text 'admin' into text field 'xpath=//*[@id="txtUserName"]'.</msg>
<status status="PASS" starttime="20180820 16:40:52.289" endtime="20180820 16:40:52.424"></status>
</kw>
<kw name="Input Password" library="Selenium2Library">
<doc>Types the given password into text field identified by ``locator``.</doc>
<arguments>
<arg>${login_pwd}</arg>
<arg>${password}</arg>
</arguments>
<msg timestamp="20180820 16:40:52.425" level="INFO">Typing password into text field 'xpath=//*[@id="txtPassword"]'.</msg>
<status status="PASS" starttime="20180820 16:40:52.425" endtime="20180820 16:40:52.541"></status>
</kw>
<kw name="Click Button" library="Selenium2Library">
<doc>Clicks button identified by ``locator``.</doc>
<arguments>
<arg>${login_submit}</arg>
</arguments>
<msg timestamp="20180820 16:40:52.542" level="INFO">Clicking button 'xpath=//*[@id="btnLogin"]'.</msg>
<status status="PASS" starttime="20180820 16:40:52.541" endtime="20180820 16:41:17.649"></status>
</kw>
<status status="PASS" starttime="20180820 16:40:34.275" endtime="20180820 16:41:17.649"></status>
</kw>
<kw name="展开所有菜单" library="jibenxinxi_keywords">
<doc>点击展开所有按钮功能</doc>
<kw name="Wait Until Element Is Visible" library="Selenium2Library">
<doc>Waits until element ``locator`` is visible.</doc>
<arguments>
<arg>${zhankai}</arg>
<arg>30</arg>
<arg>展开按钮没有显示</arg>
</arguments>
<status status="PASS" starttime="20180820 16:41:17.650" endtime="20180820 16:41:17.702"></status>
</kw>
<kw name="Wait Until Element Is Enabled" library="Selenium2Library">
<doc>Waits until element ``locator`` is enabled.</doc>
<arguments>
<arg>${zhankai}</arg>
</arguments>
<status status="PASS" starttime="20180820 16:41:17.702" endtime="20180820 16:41:17.736"></status>
</kw>
<kw name="Mouse Over" library="Selenium2Library">
<doc>Simulates hovering mouse over the element ``locator``.</doc>
<arguments>
<arg>${zhankai}</arg>
</arguments>
<msg timestamp="20180820 16:41:17.737" level="INFO">Simulating Mouse Over on element 'xpath=//*[@class="l-btn-text icon-expand"]'.</msg>
<status status="PASS" starttime="20180820 16:41:17.736" endtime="20180820 16:41:17.776"></status>
</kw>
<kw name="Get WebElements" library="Selenium2Library">
<doc>Returns list of WebElement objects matching the ``locator``.</doc>
<arguments>
<arg>${menu}</arg>
</arguments>
<assign>
<var>${count_open}</var>
</assign>
<msg timestamp="20180820 16:41:17.804" level="INFO">${count_open} = [&lt;selenium.webdriver.remote.webelement.WebElement (session="0b8bafa5c1fe6efa608346e7204ca65a", element="0.739868388859634-2")&gt;, &lt;selenium.webdriver.remote.webelement.WebElement (session="0b8bafa5c1fe6...</msg>
<status status="PASS" starttime="20180820 16:41:17.776" endtime="20180820 16:41:17.805"></status>
</kw>
<kw name="Wait Until Element Is Visible" library="Selenium2Library">
<doc>Waits until element ``locator`` is visible.</doc>
<arguments>
<arg>${count_open[0]}</arg>
<arg>30</arg>
<arg>菜单没有及时展开</arg>
</arguments>
<status status="PASS" starttime="20180820 16:41:17.805" endtime="20180820 16:41:18.045"></status>
</kw>
<kw name="Click Element" library="Selenium2Library">
<doc>Click element identified by ``locator``.</doc>
<arguments>
<arg>${count_open[0]}</arg>
</arguments>
<msg timestamp="20180820 16:41:18.046" level="INFO">Clicking element '&lt;selenium.webdriver.remote.webelement.WebElement (session="0b8bafa5c1fe6efa608346e7204ca65a", element="0.739868388859634-2")&gt;'.</msg>
<status status="PASS" starttime="20180820 16:41:18.045" endtime="20180820 16:41:18.122"></status>
</kw>
<status status="PASS" starttime="20180820 16:41:17.649" endtime="20180820 16:41:18.122"></status>
</kw>
<kw name="进入人员调动审批菜单页面" library="jibenxinxi_keywords">
<doc>进入人员调动审批菜单，并且验证打开后的页面元素</doc>
<kw name="Sleep" library="BuiltIn">
<doc>Pauses the test executed for the given time.</doc>
<arguments>
<arg>10</arg>
</arguments>
<msg timestamp="20180820 16:41:28.125" level="INFO">Slept 10 seconds</msg>
<status status="PASS" starttime="20180820 16:41:18.123" endtime="20180820 16:41:28.125"></status>
</kw>
<kw name="element is visible and click" library="jibenxinxi_keywords">
<doc>自建Keyword，功能：页面元素显示，并且点击</doc>
<arguments>
<arg>${人员调动审批}</arg>
<arg>60</arg>
<arg>人员调动审批页面无法点击</arg>
</arguments>
<kw name="Log" library="BuiltIn">
<doc>Logs the given message with the given level.</doc>
<arguments>
<arg>1</arg>
</arguments>
<msg timestamp="20180820 16:41:28.127" level="INFO">1</msg>
<status status="PASS" starttime="20180820 16:41:28.126" endtime="20180820 16:41:28.127"></status>
</kw>
<kw name="Wait Until Element Is Enabled" library="Selenium2Library">
<doc>Waits until element ``locator`` is enabled.</doc>
<arguments>
<arg>xpath=${xpath}</arg>
<arg>${time_out}</arg>
<arg>${error_msg}</arg>
</arguments>
<status status="PASS" starttime="20180820 16:41:28.127" endtime="20180820 16:41:28.179"></status>
</kw>
<kw name="Log" library="BuiltIn">
<doc>Logs the given message with the given level.</doc>
<arguments>
<arg>2</arg>
</arguments>
<msg timestamp="20180820 16:41:28.179" level="INFO">2</msg>
<status status="PASS" starttime="20180820 16:41:28.179" endtime="20180820 16:41:28.180"></status>
</kw>
<kw name="Wait Until Element Is Visible" library="Selenium2Library">
<doc>Waits until element ``locator`` is visible.</doc>
<arguments>
<arg>xpath=${xpath}</arg>
<arg>${time_out}</arg>
<arg>${error_msg}</arg>
</arguments>
<status status="PASS" starttime="20180820 16:41:28.180" endtime="20180820 16:41:28.215"></status>
</kw>
<kw name="Click Element" library="Selenium2Library">
<doc>Click element identified by ``locator``.</doc>
<arguments>
<arg>xpath=${xpath}</arg>
</arguments>
<msg timestamp="20180820 16:41:28.216" level="INFO">Clicking element 'xpath=//*[text()='人员调动审批']'.</msg>
<status status="PASS" starttime="20180820 16:41:28.215" endtime="20180820 16:41:28.317"></status>
</kw>
<status status="PASS" starttime="20180820 16:41:28.125" endtime="20180820 16:41:28.318"></status>
</kw>
<kw name="Wait Until Element Is Visible" library="Selenium2Library">
<doc>Waits until element ``locator`` is visible.</doc>
<arguments>
<arg>${page_frame}</arg>
<arg>60</arg>
<arg>人员调动审批页面的frame还没进入吧</arg>
</arguments>
<status status="PASS" starttime="20180820 16:41:28.318" endtime="20180820 16:41:28.361"></status>
</kw>
<kw name="Select Frame" library="Selenium2Library">
<doc>Sets frame identified by ``locator`` as the current frame.</doc>
<arguments>
<arg>${page_frame}</arg>
</arguments>
<msg timestamp="20180820 16:41:28.362" level="INFO">Selecting frame 'xpath=//*[@scrolling="auto"]'.</msg>
<status status="PASS" starttime="20180820 16:41:28.362" endtime="20180820 16:41:28.418"></status>
</kw>
<kw name="Sleep" library="BuiltIn">
<doc>Pauses the test executed for the given time.</doc>
<arguments>
<arg>5</arg>
</arguments>
<msg timestamp="20180820 16:41:33.419" level="INFO">Slept 5 seconds</msg>
<status status="PASS" starttime="20180820 16:41:28.419" endtime="20180820 16:41:33.419"></status>
</kw>
<status status="PASS" starttime="20180820 16:41:18.123" endtime="20180820 16:41:33.419"></status>
</kw>
<kw name="验证人员调动审批页面元素" library="jibenxinxi_keywords">
<kw name="Sleep" library="BuiltIn">
<doc>Pauses the test executed for the given time.</doc>
<arguments>
<arg>10</arg>
</arguments>
<msg timestamp="20180820 16:41:43.422" level="INFO">Slept 10 seconds</msg>
<status status="PASS" starttime="20180820 16:41:33.420" endtime="20180820 16:41:43.422"></status>
</kw>
<kw name="Wait Until Page Contains Element" library="Selenium2Library">
<doc>Waits until element ``locator`` appears on current page.</doc>
<arguments>
<arg>${姓名文本}</arg>
<arg>60</arg>
<arg>车站及管辖维护页面验证字段(新增线路)没有显示</arg>
</arguments>
<status status="PASS" starttime="20180820 16:41:43.422" endtime="20180820 16:41:43.454"></status>
</kw>
<kw name="Get Text" library="Selenium2Library">
<doc>Returns the text value of element identified by ``locator``.</doc>
<arguments>
<arg>${姓名文本}</arg>
</arguments>
<assign>
<var>${name_text}</var>
</assign>
<msg timestamp="20180820 16:41:43.514" level="INFO">${name_text} = 姓名: 开始时间:
结束时间:
状态:
  查询 重置</msg>
<status status="PASS" starttime="20180820 16:41:43.455" endtime="20180820 16:41:43.514"></status>
</kw>
<kw name="Should Contain" library="BuiltIn">
<doc>Fails if ``container`` does not contain ``item`` one or more times.</doc>
<arguments>
<arg>${name_text}</arg>
<arg>姓名:</arg>
</arguments>
<status status="PASS" starttime="20180820 16:41:43.514" endtime="20180820 16:41:43.515"></status>
</kw>
<status status="PASS" starttime="20180820 16:41:33.420" endtime="20180820 16:41:43.515"></status>
</kw>
<kw name="Close Browser" library="Selenium2Library" type="teardown">
<doc>Closes the current browser.</doc>
<status status="PASS" starttime="20180820 16:41:43.515" endtime="20180820 16:41:46.542"></status>
</kw>
<doc>验证人员调动审批页面是有内容的</doc>
<status status="PASS" starttime="20180820 16:40:34.271" endtime="20180820 16:41:46.542" critical="yes"></status>
</test>
<doc>部门管理稳定性测试</doc>
<status status="PASS" starttime="20180820 16:36:49.569" endtime="20180820 16:41:46.544"></status>
</suite>
<statistics>
<total>
<stat pass="6" fail="0">Critical Tests</stat>
<stat pass="6" fail="0">All Tests</stat>
</total>
<tag>
</tag>
<suite>
<stat pass="6" fail="0" id="s1" name="fixFunc">fixFunc</stat>
</suite>
</statistics>
<errors>
</errors>
</robot>
