<?xml version="1.0" encoding="UTF-8"?>
<robot generator="Robot 3.2.2 (Python 3.7.3 on darwin)" generated="20200921 16:29:56.656" rpa="false">
<suite id="s1" name="Test Case" source="/Users/apple/Desktop/NNUIFramework/RobotFramework/test_case">
<suite id="s1-s1" name="Baidu Test" source="/Users/apple/Desktop/NNUIFramework/RobotFramework/test_case/baidu_test.robot">
<test id="s1-s1-t1" name="case1">
<kw name="打开百度" library="utils" type="setup">
<kw name="Open Browser" library="Selenium2Library">
<doc>Opens a new browser instance to the optional ``url``.</doc>
<arguments>
<arg>${URL}</arg>
<arg>chrome</arg>
</arguments>
<msg timestamp="20200921 16:29:56.890" level="INFO">Opening browser 'chrome' to base url 'https://www.baidu.com/'.</msg>
<status status="PASS" starttime="20200921 16:29:56.889" endtime="20200921 16:30:00.355"></status>
</kw>
<kw name="Set Browser Implicit Wait" library="Selenium2Library">
<doc>Sets the implicit wait value used by Selenium.</doc>
<arguments>
<arg>15</arg>
</arguments>
<status status="PASS" starttime="20200921 16:30:00.356" endtime="20200921 16:30:00.357"></status>
</kw>
<kw name="Maximize Browser Window" library="Selenium2Library">
<doc>Maximizes current browser window.</doc>
<status status="PASS" starttime="20200921 16:30:00.357" endtime="20200921 16:30:00.497"></status>
</kw>
<status status="PASS" starttime="20200921 16:29:56.889" endtime="20200921 16:30:00.497"></status>
</kw>
<kw name="Print Log" library="python_methods">
<arguments>
<arg>1</arg>
</arguments>
<msg timestamp="20200921 16:30:00.498" level="INFO">1</msg>
<status status="PASS" starttime="20200921 16:30:00.498" endtime="20200921 16:30:00.498"></status>
</kw>
<kw name="百度搜索" library="home_page">
<arguments>
<arg>小心走火</arg>
</arguments>
<kw name="搜索框输入" library="home_page">
<arguments>
<arg>${input_value}</arg>
</arguments>
<kw name="Input Text" library="Selenium2Library">
<doc>Types the given ``text`` into the text field identified by ``locator``.</doc>
<arguments>
<arg>${搜索框}</arg>
<arg>${input_value}</arg>
</arguments>
<msg timestamp="20200921 16:30:00.502" level="INFO">Typing text '小心走火' into text field 'id=kw'.</msg>
<status status="PASS" starttime="20200921 16:30:00.501" endtime="20200921 16:30:00.665"></status>
</kw>
<status status="PASS" starttime="20200921 16:30:00.500" endtime="20200921 16:30:00.665"></status>
</kw>
<kw name="点击百度一下按钮" library="home_page">
<kw name="Click Button" library="Selenium2Library">
<doc>Clicks the button identified by ``locator``.</doc>
<arguments>
<arg>${百度一下}</arg>
</arguments>
<msg timestamp="20200921 16:30:00.667" level="INFO">Clicking button 'id=su'.</msg>
<status status="PASS" starttime="20200921 16:30:00.666" endtime="20200921 16:30:00.759"></status>
</kw>
<status status="PASS" starttime="20200921 16:30:00.665" endtime="20200921 16:30:00.759"></status>
</kw>
<kw name="Sleep" library="BuiltIn">
<doc>Pauses the test executed for the given time.</doc>
<arguments>
<arg>3</arg>
</arguments>
<msg timestamp="20200921 16:30:03.760" level="INFO">Slept 3 seconds</msg>
<status status="PASS" starttime="20200921 16:30:00.759" endtime="20200921 16:30:03.761"></status>
</kw>
<status status="PASS" starttime="20200921 16:30:00.499" endtime="20200921 16:30:03.761"></status>
</kw>
<kw name="Page Should Contain" library="Selenium2Library">
<doc>Verifies that current page contains ``text``.</doc>
<arguments>
<arg>博客园111</arg>
</arguments>
<kw name="Capture Page Screenshot" library="Selenium2Library">
<doc>Takes a screenshot of the current page and embeds it into a log file.</doc>
<msg timestamp="20200921 16:30:34.600" level="INFO" html="yes">&lt;/td&gt;&lt;/tr&gt;&lt;tr&gt;&lt;td colspan="3"&gt;&lt;a href="selenium-screenshot-1.png"&gt;&lt;img src="selenium-screenshot-1.png" width="800px"&gt;&lt;/a&gt;</msg>
<status status="PASS" starttime="20200921 16:30:33.882" endtime="20200921 16:30:34.600"></status>
</kw>
<msg timestamp="20200921 16:30:34.607" level="FAIL">Page should have contained text '博客园111' but did not.</msg>
<status status="FAIL" starttime="20200921 16:30:03.761" endtime="20200921 16:30:34.607"></status>
</kw>
<kw name="关闭浏览器" library="utils" type="teardown">
<kw name="Close Browser" library="Selenium2Library">
<doc>Closes the current browser.</doc>
<status status="PASS" starttime="20200921 16:30:34.608" endtime="20200921 16:30:34.763"></status>
</kw>
<status status="PASS" starttime="20200921 16:30:34.608" endtime="20200921 16:30:34.763"></status>
</kw>
<status status="FAIL" starttime="20200921 16:29:56.888" endtime="20200921 16:30:34.764" critical="yes">Page should have contained text '博客园111' but did not.</status>
</test>
<status status="FAIL" starttime="20200921 16:29:56.689" endtime="20200921 16:30:34.767"></status>
</suite>
<status status="FAIL" starttime="20200921 16:29:56.658" endtime="20200921 16:30:34.770"></status>
</suite>
<statistics>
<total>
<stat pass="0" fail="1">Critical Tests</stat>
<stat pass="0" fail="1">All Tests</stat>
</total>
<tag>
</tag>
<suite>
<stat pass="0" fail="1" id="s1" name="Test Case">Test Case</stat>
<stat pass="0" fail="1" id="s1-s1" name="Baidu Test">Test Case.Baidu Test</stat>
</suite>
</statistics>
<errors>
</errors>
</robot>
