<?xml version="1.0" encoding="UTF-8"?>
<robot generator="Robot 3.2.2 (Python 3.7.3 on darwin)" generated="20200921 15:54:14.511" rpa="false">
<suite id="s1" name="Debug" source="/Users/apple/Desktop/NNUIFramework/RobotFramework/Debug">
<suite id="s1-s1" name="Arguments" source="/Users/apple/Desktop/NNUIFramework/RobotFramework/Debug/Arguments.robot">
<test id="s1-s1-t1" name="Test title">
<kw name="Provided precondition">
<arguments>
<arg>1</arg>
<arg>2</arg>
<arg>3</arg>
</arguments>
<kw name="Log" library="BuiltIn">
<doc>Logs the given message with the given level.</doc>
<arguments>
<arg>${a}</arg>
</arguments>
<msg timestamp="20200921 15:54:14.547" level="INFO">1</msg>
<status status="PASS" starttime="20200921 15:54:14.547" endtime="20200921 15:54:14.547"></status>
</kw>
<kw name="Log" library="BuiltIn">
<doc>Logs the given message with the given level.</doc>
<arguments>
<arg>${b}</arg>
</arguments>
<msg timestamp="20200921 15:54:14.547" level="INFO">2</msg>
<status status="PASS" starttime="20200921 15:54:14.547" endtime="20200921 15:54:14.547"></status>
</kw>
<kw name="Log" library="BuiltIn">
<doc>Logs the given message with the given level.</doc>
<arguments>
<arg>${c}</arg>
</arguments>
<msg timestamp="20200921 15:54:14.548" level="INFO">3</msg>
<status status="PASS" starttime="20200921 15:54:14.548" endtime="20200921 15:54:14.548"></status>
</kw>
<status status="PASS" starttime="20200921 15:54:14.546" endtime="20200921 15:54:14.548"></status>
</kw>
<status status="PASS" starttime="20200921 15:54:14.546" endtime="20200921 15:54:14.548" critical="yes"></status>
</test>
<doc>Suite description</doc>
<status status="PASS" starttime="20200921 15:54:14.543" endtime="20200921 15:54:14.549"></status>
</suite>
<status status="PASS" starttime="20200921 15:54:14.512" endtime="20200921 15:54:14.549"></status>
</suite>
<statistics>
<total>
<stat pass="1" fail="0">Critical Tests</stat>
<stat pass="1" fail="0">All Tests</stat>
</total>
<tag>
</tag>
<suite>
<stat pass="1" fail="0" id="s1" name="Debug">Debug</stat>
<stat pass="1" fail="0" id="s1-s1" name="Arguments">Debug.Arguments</stat>
</suite>
</statistics>
<errors>
</errors>
</robot>
